2025-04-04 01:05:02,115 - __main__ - INFO - Запуск бота
2025-04-04 01:05:02,777 - telegram.ext._application - INFO - Application started
2025-04-04 01:05:52,758 - __main__ - INFO - Получен user_id: 1229508120
2025-04-04 01:05:52,759 - __main__ - INFO - Инициализированы данные для пользователя 1229508120
2025-04-04 01:05:52,759 - __main__ - INFO - Попытка открыть файл: E:\Пользователь\Documents\База знаний\Статьи.txt
2025-04-04 01:05:52,765 - __main__ - INFO - Файл успешно прочитан, длина содержимого: 8029 символов
2025-04-04 01:05:52,765 - __main__ - INFO - Сокращённое содержимое: 8029 символов
2025-04-04 01:05:52,765 - __main__ - INFO - Длина промпта: 8663 символов
2025-04-04 01:05:52,765 - __main__ - INFO - Отправка запроса к DeepSeek API
2025-04-04 01:06:07,203 - __main__ - INFO - Запрос успешно отправлен, обработка ответа
2025-04-04 01:06:07,204 - __main__ - INFO - Кейс успешно сгенерирован: **Кейс: "Страх публичных выступлений у студента"**  

Описание: Студент 20 лет испытывает сильный ст...
2025-04-04 01:06:07,204 - __main__ - INFO - Отправка кейса пользователю 1229508120
2025-04-08 20:20:59,705 - __main__ - INFO - Запуск бота
2025-04-08 20:21:00,407 - telegram.ext._application - INFO - Application started
2025-04-08 20:21:48,058 - __main__ - INFO - Отправка приветственного сообщения с выпадающим меню.
2025-04-08 20:23:15,344 - telegram.ext._application - INFO - Application is stopping. This might take a moment.
2025-04-08 20:23:15,344 - telegram.ext._application - INFO - Application.stop() complete
2025-04-08 20:23:20,249 - __main__ - INFO - Запуск бота
2025-04-08 20:23:20,901 - telegram.ext._application - INFO - Application started
2025-04-08 20:23:26,255 - __main__ - INFO - Отправка приветственного сообщения с выпадающим меню.
2025-04-08 20:23:48,273 - telegram.ext._application - INFO - Application is stopping. This might take a moment.
2025-04-08 20:23:48,273 - telegram.ext._application - INFO - Application.stop() complete
2025-04-08 20:23:51,109 - __main__ - INFO - Запуск бота
2025-04-08 20:23:51,741 - telegram.ext._application - INFO - Application started
2025-04-08 20:23:55,885 - __main__ - INFO - Отправка приветственного сообщения с выпадающим меню.
2025-04-08 20:31:12,369 - telegram.ext._application - INFO - Application is stopping. This might take a moment.
2025-04-08 20:31:12,370 - telegram.ext._application - INFO - Application.stop() complete
2025-04-08 20:31:22,795 - __main__ - INFO - Запуск бота
2025-04-08 20:31:23,430 - telegram.ext._application - INFO - Application started
2025-04-08 20:32:33,391 - __main__ - INFO - Отправка приветственного сообщения с выпадающим меню.
2025-04-08 20:40:12,391 - telegram.ext._application - INFO - Application is stopping. This might take a moment.
2025-04-08 20:40:12,391 - telegram.ext._application - INFO - Application.stop() complete
2025-04-08 20:40:33,733 - __main__ - INFO - Запуск бота
2025-04-08 20:40:35,215 - telegram.ext._application - INFO - Application started
2025-04-08 20:40:38,285 - __main__ - INFO - Отправка приветственного сообщения с выпадающим меню.
2025-04-08 20:45:58,565 - telegram.ext._application - INFO - Application is stopping. This might take a moment.
2025-04-08 20:45:58,565 - telegram.ext._application - INFO - Application.stop() complete
2025-04-08 20:46:20,204 - __main__ - INFO - Запуск бота
2025-04-08 20:46:20,842 - telegram.ext._application - INFO - Application started
2025-04-08 20:46:20,989 - __main__ - INFO - Отправка приветственного сообщения с выпадающим меню.
2025-04-08 20:47:55,697 - telegram.ext._application - INFO - Application is stopping. This might take a moment.
2025-04-08 20:47:55,697 - telegram.ext._application - INFO - Application.stop() complete
2025-04-08 20:48:01,980 - __main__ - INFO - Запуск бота
2025-04-08 20:48:03,634 - telegram.ext._application - INFO - Application started
2025-04-08 20:48:06,479 - __main__ - INFO - Отправка приветственного сообщения с выпадающим меню.
2025-04-08 20:48:24,037 - __main__ - INFO - Получен user_id: 1229508120
2025-04-08 20:48:24,038 - __main__ - INFO - Попытка открыть файл: E:\Пользователь\Documents\База знаний\Статьи.txt
2025-04-08 20:48:24,044 - __main__ - INFO - Файл успешно прочитан, длина содержимого: 8029 символов
2025-04-08 20:48:24,045 - __main__ - INFO - Сокращённое содержимое: 8029 символов
2025-04-08 20:48:24,045 - __main__ - INFO - Длина промпта: 8663 символов
2025-04-08 20:48:24,045 - __main__ - INFO - Отправка запроса к DeepSeek API
2025-04-08 20:48:32,953 - __main__ - INFO - Запрос успешно отправлен, обработка ответа
2025-04-08 20:48:32,953 - __main__ - INFO - Кейс успешно сгенерирован: **Клиент: страх публичных выступлений**  

Клиент, 28 лет, менеджер среднего звена, испытывает сильн...
2025-04-08 20:48:32,953 - __main__ - INFO - Отправка кейса пользователю 1229508120
2025-04-08 20:48:44,959 - __main__ - INFO - Получен user_id: 1229508120
2025-04-08 20:48:44,959 - __main__ - INFO - Отправка анализа решения пользователю 1229508120
2025-04-08 20:48:48,215 - __main__ - INFO - Получен user_id: 1229508120
2025-04-08 20:48:56,825 - __main__ - INFO - Кнопка 'Показать прогресс' нажата
2025-04-08 20:48:56,826 - __main__ - INFO - Получен user_id: 1229508120
2025-04-08 20:48:56,826 - __main__ - INFO - Отправка прогресса для пользователя 1229508120: 0 кейсов
2025-04-08 20:49:01,506 - __main__ - INFO - Нажата кнопка: get_case
2025-04-08 20:49:01,589 - __main__ - INFO - Получен user_id: 1229508120
2025-04-08 20:49:01,589 - __main__ - INFO - Попытка открыть файл: E:\Пользователь\Documents\База знаний\Статьи.txt
2025-04-08 20:49:01,590 - __main__ - INFO - Файл успешно прочитан, длина содержимого: 8029 символов
2025-04-08 20:49:01,590 - __main__ - INFO - Сокращённое содержимое: 8029 символов
2025-04-08 20:49:01,590 - __main__ - INFO - Длина промпта: 8663 символов
2025-04-08 20:49:01,590 - __main__ - INFO - Отправка запроса к DeepSeek API
2025-04-08 20:49:13,887 - __main__ - INFO - Запрос успешно отправлен, обработка ответа
2025-04-08 20:49:13,887 - __main__ - INFO - Кейс успешно сгенерирован: **Кейс: "Страх публичных выступлений у студента"**  

Клиент — студент 3 курса, 21 год. Обратился с ...
2025-04-08 20:49:13,887 - __main__ - INFO - Отправка кейса пользователю 1229508120
2025-04-08 20:52:52,518 - __main__ - INFO - Отправка приветственного сообщения с выпадающим меню.
2025-04-08 20:53:10,494 - __main__ - WARNING - Пользователь 1229508120 попытался отправить решение без активного кейса
2025-04-08 21:02:40,371 - telegram.ext._application - INFO - Application is stopping. This might take a moment.
2025-04-08 21:02:40,371 - telegram.ext._application - INFO - Application.stop() complete
2025-04-08 21:02:49,829 - __main__ - INFO - Запуск бота
2025-04-08 21:02:50,482 - telegram.ext._application - INFO - Application started
2025-04-08 21:02:56,376 - __main__ - INFO - Отправка приветственного сообщения с выпадающим меню.
2025-04-08 21:03:17,220 - __main__ - WARNING - Пользователь 1229508120 попытался отправить решение без активного кейса
2025-04-08 21:03:19,391 - __main__ - INFO - Получен user_id: 1229508120
2025-04-08 21:03:19,392 - __main__ - INFO - Попытка открыть файл: E:\Пользователь\Documents\База знаний\Статьи.txt
2025-04-08 21:03:19,392 - __main__ - INFO - Файл успешно прочитан, длина содержимого: 8029 символов
2025-04-08 21:03:19,392 - __main__ - INFO - Сокращённое содержимое: 8029 символов
2025-04-08 21:03:19,392 - __main__ - INFO - Длина промпта: 9158 символов
2025-04-08 21:03:19,393 - __main__ - INFO - Отправка запроса к DeepSeek API
2025-04-08 21:03:29,388 - __main__ - INFO - Запрос успешно отправлен, обработка ответа
2025-04-08 21:03:29,389 - __main__ - INFO - Кейс успешно сгенерирован: Название кейса: Тревога из-за перфекционизма у молодого специалиста.  

Описание: Клиент — мужчина 2...
2025-04-08 21:03:29,389 - __main__ - INFO - Отправка кейса пользователю 1229508120
2025-04-08 21:03:44,650 - __main__ - INFO - Анализ решения успешно выполнен: Плюсы решения:  
1. Логичность и структурированность подхода.  
2. Учет ключевых факторов и данных. ...
2025-04-08 21:04:06,552 - __main__ - INFO - Анализ решения успешно выполнен: Плюсы:
1. Логичное структурирование информации.
2. Использование конкретных данных и примеров.
3. Че...
2025-04-08 21:05:08,645 - __main__ - INFO - Получен user_id: 1229508120
2025-04-08 21:05:08,645 - __main__ - INFO - Попытка открыть файл: E:\Пользователь\Documents\База знаний\Статьи.txt
2025-04-08 21:05:08,645 - __main__ - INFO - Файл успешно прочитан, длина содержимого: 8029 символов
2025-04-08 21:05:08,645 - __main__ - INFO - Сокращённое содержимое: 8029 символов
2025-04-08 21:05:08,645 - __main__ - INFO - Длина промпта: 9158 символов
2025-04-08 21:05:08,646 - __main__ - INFO - Отправка запроса к DeepSeek API
2025-04-08 21:05:19,376 - __main__ - INFO - Запрос успешно отправлен, обработка ответа
2025-04-08 21:05:19,377 - __main__ - INFO - Кейс успешно сгенерирован: Название кейса: Социальная тревожность у молодого специалиста.  

Описание: Клиент — мужчина 24 лет,...
2025-04-08 21:05:19,377 - __main__ - INFO - Отправка кейса пользователю 1229508120
2025-04-08 21:28:12,119 - __main__ - INFO - Отправка приветственного сообщения с выпадающим меню.
2025-04-08 21:28:25,878 - __main__ - INFO - Получен user_id: 1235469366
2025-04-08 21:28:25,879 - __main__ - INFO - Попытка открыть файл: E:\Пользователь\Documents\База знаний\Статьи.txt
2025-04-08 21:28:25,879 - __main__ - INFO - Файл успешно прочитан, длина содержимого: 8029 символов
2025-04-08 21:28:25,879 - __main__ - INFO - Сокращённое содержимое: 8029 символов
2025-04-08 21:28:25,879 - __main__ - INFO - Длина промпта: 9158 символов
2025-04-08 21:28:25,879 - __main__ - INFO - Отправка запроса к DeepSeek API
2025-04-08 21:28:37,109 - __main__ - INFO - Запрос успешно отправлен, обработка ответа
2025-04-08 21:28:37,109 - __main__ - INFO - Кейс успешно сгенерирован: Название кейса: Социальная тревожность и избегание общения.  

Описание: Клиент — мужчина 28 лет, ра...
2025-04-08 21:28:37,109 - __main__ - INFO - Отправка кейса пользователю 1235469366
2025-04-08 21:28:37,269 - __main__ - INFO - Получен user_id: 1235469366
2025-04-08 21:28:37,270 - __main__ - INFO - Попытка открыть файл: E:\Пользователь\Documents\База знаний\Статьи.txt
2025-04-08 21:28:37,270 - __main__ - INFO - Файл успешно прочитан, длина содержимого: 8029 символов
2025-04-08 21:28:37,270 - __main__ - INFO - Сокращённое содержимое: 8029 символов
2025-04-08 21:28:37,270 - __main__ - INFO - Длина промпта: 9158 символов
2025-04-08 21:28:37,270 - __main__ - INFO - Отправка запроса к DeepSeek API
2025-04-08 21:28:48,179 - __main__ - INFO - Запрос успешно отправлен, обработка ответа
2025-04-08 21:28:48,179 - __main__ - INFO - Кейс успешно сгенерирован: Название кейса: Социальная тревожность и избегание контактов у молодого специалиста.  

Описание: Кл...
2025-04-08 21:28:48,179 - __main__ - INFO - Отправка кейса пользователю 1235469366
2025-04-08 21:29:04,443 - __main__ - INFO - Нажата кнопка: get_case
2025-04-08 21:29:04,636 - __main__ - INFO - Получен user_id: 1235469366
2025-04-08 21:29:04,636 - __main__ - INFO - Попытка открыть файл: E:\Пользователь\Documents\База знаний\Статьи.txt
2025-04-08 21:29:04,636 - __main__ - INFO - Файл успешно прочитан, длина содержимого: 8029 символов
2025-04-08 21:29:04,636 - __main__ - INFO - Сокращённое содержимое: 8029 символов
2025-04-08 21:29:04,636 - __main__ - INFO - Длина промпта: 9158 символов
2025-04-08 21:29:04,637 - __main__ - INFO - Отправка запроса к DeepSeek API
2025-04-08 21:29:17,644 - __main__ - INFO - Запрос успешно отправлен, обработка ответа
2025-04-08 21:29:17,644 - __main__ - INFO - Кейс успешно сгенерирован: Название кейса: Социальная тревожность у молодого специалиста.  

Описание: Клиент — мужчина 24 лет,...
2025-04-08 21:29:17,644 - __main__ - INFO - Отправка кейса пользователю 1235469366
2025-04-08 21:29:17,829 - __main__ - INFO - Нажата кнопка: get_case
2025-04-08 21:29:17,881 - __main__ - INFO - Получен user_id: 1235469366
2025-04-08 21:29:17,881 - __main__ - INFO - Попытка открыть файл: E:\Пользователь\Documents\База знаний\Статьи.txt
2025-04-08 21:29:17,882 - __main__ - INFO - Файл успешно прочитан, длина содержимого: 8029 символов
2025-04-08 21:29:17,882 - __main__ - INFO - Сокращённое содержимое: 8029 символов
2025-04-08 21:29:17,882 - __main__ - INFO - Длина промпта: 9158 символов
2025-04-08 21:29:17,882 - __main__ - INFO - Отправка запроса к DeepSeek API
2025-04-08 21:29:26,973 - __main__ - INFO - Запрос успешно отправлен, обработка ответа
2025-04-08 21:29:26,974 - __main__ - INFO - Кейс успешно сгенерирован: Название кейса: Тревога перед экзаменами у студента.  

Описание: Клиент — студент 2 курса, 19 лет. ...
2025-04-08 21:29:26,974 - __main__ - INFO - Отправка кейса пользователю 1235469366
2025-04-08 21:29:27,379 - __main__ - INFO - Получен user_id: 1235469366
2025-04-08 21:29:27,379 - __main__ - INFO - Отправка анализа решения пользователю 1235469366
2025-04-08 21:29:33,754 - __main__ - INFO - Получен user_id: 1235469366
2025-04-08 21:29:36,546 - __main__ - INFO - Получен user_id: 1235469366
2025-04-08 21:29:38,200 - __main__ - INFO - Кнопка 'Показать прогресс' нажата
2025-04-08 21:29:38,200 - __main__ - INFO - Получен user_id: 1235469366
2025-04-08 21:29:38,200 - __main__ - INFO - Отправка прогресса для пользователя 1235469366: 0 кейсов
2025-04-08 21:29:39,766 - __main__ - INFO - Получен user_id: 1235469366
2025-04-08 21:29:41,610 - __main__ - INFO - Получен user_id: 1235469366
2025-04-08 21:29:41,610 - __main__ - INFO - Отправка анализа решения пользователю 1235469366
2025-04-08 21:29:44,977 - __main__ - INFO - Получен user_id: 1235469366
2025-04-08 21:29:46,425 - __main__ - INFO - Получен user_id: 1235469366
2025-04-08 21:29:46,425 - __main__ - INFO - Попытка открыть файл: E:\Пользователь\Documents\База знаний\Статьи.txt
2025-04-08 21:29:46,426 - __main__ - INFO - Файл успешно прочитан, длина содержимого: 8029 символов
2025-04-08 21:29:46,426 - __main__ - INFO - Сокращённое содержимое: 8029 символов
2025-04-08 21:29:46,426 - __main__ - INFO - Длина промпта: 9158 символов
2025-04-08 21:29:46,426 - __main__ - INFO - Отправка запроса к DeepSeek API
2025-04-08 21:29:57,755 - __main__ - INFO - Запрос успешно отправлен, обработка ответа
2025-04-08 21:29:57,755 - __main__ - INFO - Кейс успешно сгенерирован: Название кейса: Социальная тревожность у молодого специалиста.  

Описание: Клиент — мужчина 24 лет,...
2025-04-08 21:29:57,756 - __main__ - INFO - Отправка кейса пользователю 1235469366
2025-04-08 21:29:57,925 - __main__ - INFO - Получен user_id: 1235469366
2025-04-08 21:29:57,925 - __main__ - INFO - Попытка открыть файл: E:\Пользователь\Documents\База знаний\Статьи.txt
2025-04-08 21:29:57,925 - __main__ - INFO - Файл успешно прочитан, длина содержимого: 8029 символов
2025-04-08 21:29:57,926 - __main__ - INFO - Сокращённое содержимое: 8029 символов
2025-04-08 21:29:57,926 - __main__ - INFO - Длина промпта: 9158 символов
2025-04-08 21:29:57,926 - __main__ - INFO - Отправка запроса к DeepSeek API
2025-04-08 21:30:10,055 - __main__ - INFO - Запрос успешно отправлен, обработка ответа
2025-04-08 21:30:10,056 - __main__ - INFO - Кейс успешно сгенерирован: Название кейса: Тревога перед экзаменами у студентки.  

Описание: Клиентка — студентка 2 курса, 19 ...
2025-04-08 21:30:10,056 - __main__ - INFO - Отправка кейса пользователю 1235469366
2025-04-08 21:30:10,313 - __main__ - INFO - Получен user_id: 1235469366
2025-04-08 21:30:10,313 - __main__ - INFO - Попытка открыть файл: E:\Пользователь\Documents\База знаний\Статьи.txt
2025-04-08 21:30:10,313 - __main__ - INFO - Файл успешно прочитан, длина содержимого: 8029 символов
2025-04-08 21:30:10,313 - __main__ - INFO - Сокращённое содержимое: 8029 символов
2025-04-08 21:30:10,314 - __main__ - INFO - Длина промпта: 9158 символов
2025-04-08 21:30:10,314 - __main__ - INFO - Отправка запроса к DeepSeek API
2025-04-08 21:30:24,291 - __main__ - INFO - Запрос успешно отправлен, обработка ответа
2025-04-08 21:30:24,291 - __main__ - INFO - Кейс успешно сгенерирован: Название кейса: Тревога и избегание социальных ситуаций у молодого специалиста.  

Описание: Клиент ...
2025-04-08 21:30:24,291 - __main__ - INFO - Отправка кейса пользователю 1235469366
2025-04-08 21:30:24,664 - __main__ - INFO - Получен user_id: 1235469366
2025-04-08 21:30:24,665 - __main__ - INFO - Попытка открыть файл: E:\Пользователь\Documents\База знаний\Статьи.txt
2025-04-08 21:30:24,665 - __main__ - INFO - Файл успешно прочитан, длина содержимого: 8029 символов
2025-04-08 21:30:24,665 - __main__ - INFO - Сокращённое содержимое: 8029 символов
2025-04-08 21:30:24,666 - __main__ - INFO - Длина промпта: 9158 символов
2025-04-08 21:30:24,666 - __main__ - INFO - Отправка запроса к DeepSeek API
2025-04-08 21:30:34,571 - __main__ - INFO - Запрос успешно отправлен, обработка ответа
2025-04-08 21:30:34,571 - __main__ - INFO - Кейс успешно сгенерирован: Название кейса: Тревога перед экзаменами у студента.  

Описание: Клиент — студент 2 курса, 19 лет. ...
2025-04-08 21:30:34,571 - __main__ - INFO - Отправка кейса пользователю 1235469366
2025-04-08 21:30:53,103 - __main__ - INFO - Отправка приветственного сообщения с выпадающим меню.
2025-04-08 21:30:55,764 - __main__ - INFO - Получен user_id: 1069185739
2025-04-08 21:30:55,764 - __main__ - INFO - Попытка открыть файл: E:\Пользователь\Documents\База знаний\Статьи.txt
2025-04-08 21:30:55,765 - __main__ - INFO - Файл успешно прочитан, длина содержимого: 8029 символов
2025-04-08 21:30:55,765 - __main__ - INFO - Сокращённое содержимое: 8029 символов
2025-04-08 21:30:55,765 - __main__ - INFO - Длина промпта: 9158 символов
2025-04-08 21:30:55,765 - __main__ - INFO - Отправка запроса к DeepSeek API
2025-04-08 21:31:05,608 - __main__ - INFO - Запрос успешно отправлен, обработка ответа
2025-04-08 21:31:05,608 - __main__ - INFO - Кейс успешно сгенерирован: Название кейса: Тревога перед экзаменами у студента.  

Описание: Клиент — студент 2 курса, 19 лет. ...
2025-04-08 21:31:05,609 - __main__ - INFO - Отправка кейса пользователю 1069185739
2025-04-08 21:31:10,754 - __main__ - INFO - Нажата кнопка: get_case
2025-04-08 21:31:10,901 - __main__ - INFO - Получен user_id: 1069185739
2025-04-08 21:31:10,902 - __main__ - INFO - Попытка открыть файл: E:\Пользователь\Documents\База знаний\Статьи.txt
2025-04-08 21:31:10,902 - __main__ - INFO - Файл успешно прочитан, длина содержимого: 8029 символов
2025-04-08 21:31:10,902 - __main__ - INFO - Сокращённое содержимое: 8029 символов
2025-04-08 21:31:10,902 - __main__ - INFO - Длина промпта: 9158 символов
2025-04-08 21:31:10,902 - __main__ - INFO - Отправка запроса к DeepSeek API
2025-04-08 21:31:20,381 - __main__ - INFO - Запрос успешно отправлен, обработка ответа
2025-04-08 21:31:20,381 - __main__ - INFO - Кейс успешно сгенерирован: Название кейса: Тревожность и избегание социальных ситуаций у молодого специалиста.  

Описание: Кли...
2025-04-08 21:31:20,382 - __main__ - INFO - Отправка кейса пользователю 1069185739
2025-04-08 21:31:31,057 - __main__ - INFO - Анализ решения успешно выполнен: Плюсы решения:  
1. Логичность и последовательность шагов.  
2. Учет ключевых факторов и данных.  
3...
2025-04-08 21:31:46,178 - __main__ - INFO - Анализ решения успешно выполнен: Плюсы решения:  
1. Логичность и структурированность – шаги четко выстроены, что упрощает понимание....
2025-04-08 23:26:15,322 - __main__ - INFO - Получен user_id: 1069185739
2025-04-08 23:26:15,322 - __main__ - INFO - Попытка открыть файл: E:\Пользователь\Documents\База знаний\Статьи.txt
2025-04-08 23:26:15,323 - __main__ - INFO - Файл успешно прочитан, длина содержимого: 8029 символов
2025-04-08 23:26:15,323 - __main__ - INFO - Сокращённое содержимое: 8029 символов
2025-04-08 23:26:15,323 - __main__ - INFO - Длина промпта: 9158 символов
2025-04-08 23:26:15,323 - __main__ - INFO - Отправка запроса к DeepSeek API
2025-04-08 23:26:27,254 - __main__ - INFO - Запрос успешно отправлен, обработка ответа
2025-04-08 23:26:27,255 - __main__ - INFO - Кейс успешно сгенерирован: Название кейса: Тревога перед экзаменами у студента.  

Описание: Клиент — студент 2 курса, 19 лет. ...
2025-04-08 23:26:27,255 - __main__ - INFO - Отправка кейса пользователю 1069185739
2025-04-08 23:30:49,609 - __main__ - INFO - Анализ решения успешно выполнен: Плюсы:  
1. Логичная структура. Решение разбито на этапы, что упрощает понимание.  
2. Использование...
2025-04-09 00:37:29,880 - __main__ - INFO - Нажата кнопка: get_case
2025-04-09 00:37:30,074 - __main__ - INFO - Получен user_id: 1235469366
2025-04-09 00:37:30,075 - __main__ - INFO - Попытка открыть файл: E:\Пользователь\Documents\База знаний\Статьи.txt
2025-04-09 00:37:30,075 - __main__ - INFO - Файл успешно прочитан, длина содержимого: 8029 символов
2025-04-09 00:37:30,075 - __main__ - INFO - Сокращённое содержимое: 8029 символов
2025-04-09 00:37:30,075 - __main__ - INFO - Длина промпта: 9158 символов
2025-04-09 00:37:30,076 - __main__ - INFO - Отправка запроса к DeepSeek API
2025-04-09 00:37:40,056 - __main__ - INFO - Запрос успешно отправлен, обработка ответа
2025-04-09 00:37:40,057 - __main__ - INFO - Кейс успешно сгенерирован: Название кейса: Тревога из-за экзаменов у студента.  

Описание: Клиент — студент 2 курса, 19 лет. О...
2025-04-09 00:37:40,057 - __main__ - INFO - Отправка кейса пользователю 1235469366
2025-04-09 00:37:40,207 - __main__ - INFO - Нажата кнопка: get_case
2025-04-09 00:37:40,254 - __main__ - INFO - Получен user_id: 1235469366
2025-04-09 00:37:40,255 - __main__ - INFO - Попытка открыть файл: E:\Пользователь\Documents\База знаний\Статьи.txt
2025-04-09 00:37:40,255 - __main__ - INFO - Файл успешно прочитан, длина содержимого: 8029 символов
2025-04-09 00:37:40,255 - __main__ - INFO - Сокращённое содержимое: 8029 символов
2025-04-09 00:37:40,255 - __main__ - INFO - Длина промпта: 9158 символов
2025-04-09 00:37:40,255 - __main__ - INFO - Отправка запроса к DeepSeek API
2025-04-09 00:37:51,329 - __main__ - INFO - Запрос успешно отправлен, обработка ответа
2025-04-09 00:37:51,329 - __main__ - INFO - Кейс успешно сгенерирован: Название кейса: Социальная тревожность и избегание взаимодействий.  

Описание: Клиент — мужчина 28 ...
2025-04-09 00:37:51,329 - __main__ - INFO - Отправка кейса пользователю 1235469366
2025-04-09 00:37:51,480 - __main__ - INFO - Получен user_id: 1235469366
2025-04-09 00:37:51,481 - __main__ - INFO - Попытка открыть файл: E:\Пользователь\Documents\База знаний\Статьи.txt
2025-04-09 00:37:51,481 - __main__ - INFO - Файл успешно прочитан, длина содержимого: 8029 символов
2025-04-09 00:37:51,481 - __main__ - INFO - Сокращённое содержимое: 8029 символов
2025-04-09 00:37:51,481 - __main__ - INFO - Длина промпта: 9158 символов
2025-04-09 00:37:51,481 - __main__ - INFO - Отправка запроса к DeepSeek API
2025-04-09 00:38:03,812 - __main__ - INFO - Запрос успешно отправлен, обработка ответа
2025-04-09 00:38:03,812 - __main__ - INFO - Кейс успешно сгенерирован: Название кейса: Тревога перед экзаменами у студента.  

Описание: Клиент — студент 2 курса, 19 лет. ...
2025-04-09 00:38:03,813 - __main__ - INFO - Отправка кейса пользователю 1235469366
2025-04-09 00:38:03,974 - __main__ - INFO - Получен user_id: 1235469366
2025-04-09 00:38:03,974 - __main__ - INFO - Попытка открыть файл: E:\Пользователь\Documents\База знаний\Статьи.txt
2025-04-09 00:38:03,974 - __main__ - INFO - Файл успешно прочитан, длина содержимого: 8029 символов
2025-04-09 00:38:03,974 - __main__ - INFO - Сокращённое содержимое: 8029 символов
2025-04-09 00:38:03,974 - __main__ - INFO - Длина промпта: 9158 символов
2025-04-09 00:38:03,974 - __main__ - INFO - Отправка запроса к DeepSeek API
2025-04-09 00:38:15,755 - __main__ - INFO - Запрос успешно отправлен, обработка ответа
2025-04-09 00:38:15,755 - __main__ - INFO - Кейс успешно сгенерирован: Название кейса: Тревога перед экзаменами у студента.  

Описание: Клиент — студент 2 курса, 19 лет. ...
2025-04-09 00:38:15,755 - __main__ - INFO - Отправка кейса пользователю 1235469366
2025-04-09 00:38:54,547 - __main__ - INFO - Анализ решения успешно выполнен: Плюсы решения:  
1. Логичность и структурированность – шаги четко выстроены, что помогает понять ход...
2025-04-09 00:39:04,784 - __main__ - INFO - Анализ решения успешно выполнен: Плюсы:  
1. Логичное структурирование информации.  
2. Учет ключевых факторов влияния.  
3. Использо...
2025-04-09 01:15:08,280 - __main__ - INFO - Отправка приветственного сообщения с выпадающим меню.
2025-04-09 01:15:49,445 - __main__ - INFO - Получен user_id: 869014752
2025-04-09 01:15:49,445 - __main__ - INFO - Попытка открыть файл: E:\Пользователь\Documents\База знаний\Статьи.txt
2025-04-09 01:15:49,446 - __main__ - INFO - Файл успешно прочитан, длина содержимого: 8029 символов
2025-04-09 01:15:49,446 - __main__ - INFO - Сокращённое содержимое: 8029 символов
2025-04-09 01:15:49,446 - __main__ - INFO - Длина промпта: 9158 символов
2025-04-09 01:15:49,446 - __main__ - INFO - Отправка запроса к DeepSeek API
2025-04-09 01:15:59,500 - __main__ - INFO - Запрос успешно отправлен, обработка ответа
2025-04-09 01:15:59,500 - __main__ - INFO - Кейс успешно сгенерирован: Название кейса: Тревога перед экзаменами у студента.  

Описание: Клиент — студент 2 курса, 19 лет. ...
2025-04-09 01:15:59,501 - __main__ - INFO - Отправка кейса пользователю 869014752
2025-04-09 01:16:50,759 - __main__ - INFO - Анализ решения успешно выполнен: Плюсы решения:  
1. Логическая структура – решение разбито на четкие шаги.  
2. Учет ключевых фактор...
2025-04-09 01:17:13,110 - __main__ - INFO - Получен user_id: 869014752
2025-04-09 01:17:13,111 - __main__ - INFO - Отправка прогресса для пользователя 869014752: 1 кейсов
2025-04-09 01:18:07,688 - __main__ - INFO - Получен user_id: 869014752
2025-04-09 01:18:07,688 - __main__ - INFO - Отправка анализа решения пользователю 869014752
2025-04-09 01:18:21,382 - __main__ - INFO - Получен user_id: 869014752
2025-04-09 01:18:21,383 - __main__ - INFO - Попытка открыть файл: E:\Пользователь\Documents\База знаний\Статьи.txt
2025-04-09 01:18:21,383 - __main__ - INFO - Файл успешно прочитан, длина содержимого: 8029 символов
2025-04-09 01:18:21,383 - __main__ - INFO - Сокращённое содержимое: 8029 символов
2025-04-09 01:18:21,383 - __main__ - INFO - Длина промпта: 9158 символов
2025-04-09 01:18:21,384 - __main__ - INFO - Отправка запроса к DeepSeek API
2025-04-09 01:18:32,552 - __main__ - INFO - Запрос успешно отправлен, обработка ответа
2025-04-09 01:18:32,552 - __main__ - INFO - Кейс успешно сгенерирован: Название кейса: Тревожность и избегание социальных ситуаций у молодого специалиста.  

Описание: Кли...
2025-04-09 01:18:32,553 - __main__ - INFO - Отправка кейса пользователю 869014752
2025-04-09 01:18:32,709 - __main__ - INFO - Кнопка 'Показать прогресс' нажата
2025-04-09 01:18:32,709 - __main__ - INFO - Получен user_id: 869014752
2025-04-09 01:18:32,709 - __main__ - INFO - Отправка прогресса для пользователя 869014752: 1 кейсов
2025-04-09 01:19:12,494 - __main__ - INFO - Получен user_id: 869014752
2025-04-09 04:56:02,136 - telegram.ext._updater - INFO - Flood control exceeded. Retry in 5 seconds
2025-04-09 05:09:46,616 - __main__ - INFO - Отправка приветственного сообщения с выпадающим меню.
2025-04-09 05:10:03,351 - __main__ - INFO - Получен user_id: 560577192
2025-04-09 05:10:03,351 - __main__ - INFO - Попытка открыть файл: E:\Пользователь\Documents\База знаний\Статьи.txt
2025-04-09 05:10:03,351 - __main__ - INFO - Файл успешно прочитан, длина содержимого: 8029 символов
2025-04-09 05:10:03,351 - __main__ - INFO - Сокращённое содержимое: 8029 символов
2025-04-09 05:10:03,351 - __main__ - INFO - Длина промпта: 9158 символов
2025-04-09 05:10:03,352 - __main__ - INFO - Отправка запроса к DeepSeek API
2025-04-09 05:10:15,511 - __main__ - INFO - Запрос успешно отправлен, обработка ответа
2025-04-09 05:10:15,511 - __main__ - INFO - Кейс успешно сгенерирован: Название кейса: Тревога из-за экзаменов у студента.  

Описание: Клиент — студент 2 курса, 19 лет. О...
2025-04-09 05:10:15,511 - __main__ - INFO - Отправка кейса пользователю 560577192
2025-04-09 05:12:31,475 - __main__ - INFO - Анализ решения успешно выполнен: Плюсы:  
1. Логичное структурирование информации.  
2. Учет ключевых факторов влияния.  
3. Использо...
2025-04-09 05:12:55,126 - __main__ - INFO - Нажата кнопка: get_case
2025-04-09 05:12:55,293 - __main__ - INFO - Получен user_id: 560577192
2025-04-09 05:12:55,293 - __main__ - INFO - Попытка открыть файл: E:\Пользователь\Documents\База знаний\Статьи.txt
2025-04-09 05:12:55,293 - __main__ - INFO - Файл успешно прочитан, длина содержимого: 8029 символов
2025-04-09 05:12:55,293 - __main__ - INFO - Сокращённое содержимое: 8029 символов
2025-04-09 05:12:55,293 - __main__ - INFO - Длина промпта: 9158 символов
2025-04-09 05:12:55,293 - __main__ - INFO - Отправка запроса к DeepSeek API
2025-04-09 05:13:06,324 - __main__ - INFO - Запрос успешно отправлен, обработка ответа
2025-04-09 05:13:06,324 - __main__ - INFO - Кейс успешно сгенерирован: Название кейса: Тревога перед экзаменами у студента.  

Описание: Клиент — студент 2 курса, 19 лет. ...
2025-04-09 05:13:06,324 - __main__ - INFO - Отправка кейса пользователю 560577192
2025-04-09 05:13:06,480 - __main__ - INFO - Получен user_id: 560577192
2025-04-09 05:13:06,480 - __main__ - INFO - Попытка открыть файл: E:\Пользователь\Documents\База знаний\Статьи.txt
2025-04-09 05:13:06,481 - __main__ - INFO - Файл успешно прочитан, длина содержимого: 8029 символов
2025-04-09 05:13:06,481 - __main__ - INFO - Сокращённое содержимое: 8029 символов
2025-04-09 05:13:06,481 - __main__ - INFO - Длина промпта: 9158 символов
2025-04-09 05:13:06,481 - __main__ - INFO - Отправка запроса к DeepSeek API
2025-04-09 05:13:18,274 - __main__ - INFO - Запрос успешно отправлен, обработка ответа
2025-04-09 05:13:18,274 - __main__ - INFO - Кейс успешно сгенерирован: Название кейса: Тревожность и избегание социальных ситуаций у молодого специалиста.  

Описание: Кли...
2025-04-09 05:13:18,274 - __main__ - INFO - Отправка кейса пользователю 560577192
2025-04-09 05:15:26,060 - __main__ - INFO - Анализ решения успешно выполнен: Плюсы:
1. Логичное структурирование информации.
2. Учет ключевых факторов влияния.
3. Практические р...
2025-04-09 05:15:35,485 - __main__ - INFO - Нажата кнопка: get_case
2025-04-09 05:15:35,637 - __main__ - INFO - Получен user_id: 560577192
2025-04-09 05:15:35,637 - __main__ - INFO - Попытка открыть файл: E:\Пользователь\Documents\База знаний\Статьи.txt
2025-04-09 05:15:35,638 - __main__ - INFO - Файл успешно прочитан, длина содержимого: 8029 символов
2025-04-09 05:15:35,638 - __main__ - INFO - Сокращённое содержимое: 8029 символов
2025-04-09 05:15:35,638 - __main__ - INFO - Длина промпта: 9158 символов
2025-04-09 05:15:35,638 - __main__ - INFO - Отправка запроса к DeepSeek API
2025-04-09 05:15:48,896 - __main__ - INFO - Запрос успешно отправлен, обработка ответа
2025-04-09 05:15:48,896 - __main__ - INFO - Кейс успешно сгенерирован: Название кейса: Тревожность и избегание социальных ситуаций у молодого специалиста.  

Описание: Кли...
2025-04-09 05:15:48,896 - __main__ - INFO - Отправка кейса пользователю 560577192
2025-04-09 05:15:49,068 - __main__ - INFO - Получен user_id: 560577192
2025-04-09 05:15:49,068 - __main__ - INFO - Попытка открыть файл: E:\Пользователь\Documents\База знаний\Статьи.txt
2025-04-09 05:15:49,068 - __main__ - INFO - Файл успешно прочитан, длина содержимого: 8029 символов
2025-04-09 05:15:49,068 - __main__ - INFO - Сокращённое содержимое: 8029 символов
2025-04-09 05:15:49,069 - __main__ - INFO - Длина промпта: 9158 символов
2025-04-09 05:15:49,069 - __main__ - INFO - Отправка запроса к DeepSeek API
2025-04-09 05:16:01,441 - __main__ - INFO - Запрос успешно отправлен, обработка ответа
2025-04-09 05:16:01,442 - __main__ - INFO - Кейс успешно сгенерирован: Название кейса: Тревога перед экзаменами у студента.  

Описание: Клиент — студент 2 курса, 19 лет. ...
2025-04-09 05:16:01,442 - __main__ - INFO - Отправка кейса пользователю 560577192
2025-04-09 05:19:01,366 - __main__ - INFO - Получен user_id: 560577192
2025-04-09 05:19:03,874 - __main__ - INFO - Получен user_id: 560577192
2025-04-09 05:19:03,874 - __main__ - INFO - Отправка анализа решения пользователю 560577192
2025-04-09 05:19:08,174 - __main__ - INFO - Кнопка 'Показать прогресс' нажата
2025-04-09 05:19:08,174 - __main__ - INFO - Получен user_id: 560577192
2025-04-09 05:19:08,174 - __main__ - INFO - Отправка прогресса для пользователя 560577192: 2 кейсов
2025-04-09 05:20:11,486 - __main__ - INFO - Анализ решения успешно выполнен: Плюсы решения:  
1. Логичная структура и последовательность шагов.  
2. Учет ключевых факторов и дан...
2025-04-09 05:20:19,351 - __main__ - INFO - Анализ решения успешно выполнен: Для анализа решения кейса, пожалуйста, предоставьте само решение, его контекст и критерии оценки. Бе...
2025-04-09 05:20:19,512 - __main__ - INFO - Получен user_id: 560577192
2025-04-09 05:20:19,587 - __main__ - INFO - Получен user_id: 560577192
2025-04-09 05:20:19,587 - __main__ - INFO - Попытка открыть файл: E:\Пользователь\Documents\База знаний\Статьи.txt
2025-04-09 05:20:19,587 - __main__ - INFO - Файл успешно прочитан, длина содержимого: 8029 символов
2025-04-09 05:20:19,587 - __main__ - INFO - Сокращённое содержимое: 8029 символов
2025-04-09 05:20:19,588 - __main__ - INFO - Длина промпта: 9158 символов
2025-04-09 05:20:19,588 - __main__ - INFO - Отправка запроса к DeepSeek API
2025-04-09 05:20:31,115 - __main__ - INFO - Запрос успешно отправлен, обработка ответа
2025-04-09 05:20:31,115 - __main__ - INFO - Кейс успешно сгенерирован: Название кейса: Тревожность и избегание социальных ситуаций у молодого специалиста.  

Описание: Кли...
2025-04-09 05:20:31,116 - __main__ - INFO - Отправка кейса пользователю 560577192
2025-04-09 18:26:50,688 - __main__ - INFO - Отправка приветственного сообщения с выпадающим меню.
2025-04-09 18:27:23,683 - __main__ - INFO - Получен user_id: 866342299
2025-04-09 18:27:23,683 - __main__ - INFO - Отправка анализа решения пользователю 866342299
2025-04-09 18:27:28,139 - __main__ - INFO - Получен user_id: 866342299
2025-04-09 18:27:28,139 - __main__ - INFO - Попытка открыть файл: E:\Пользователь\Documents\База знаний\Статьи.txt
2025-04-09 18:27:28,157 - __main__ - INFO - Файл успешно прочитан, длина содержимого: 8029 символов
2025-04-09 18:27:28,157 - __main__ - INFO - Сокращённое содержимое: 8029 символов
2025-04-09 18:27:28,157 - __main__ - INFO - Длина промпта: 9158 символов
2025-04-09 18:27:28,157 - __main__ - INFO - Отправка запроса к DeepSeek API
2025-04-09 18:27:43,447 - __main__ - INFO - Запрос успешно отправлен, обработка ответа
2025-04-09 18:27:43,448 - __main__ - INFO - Кейс успешно сгенерирован: Название кейса: Социальная тревожность и избегание контактов у молодого специалиста.  

Описание: Кл...
2025-04-09 18:27:43,448 - __main__ - INFO - Отправка кейса пользователю 866342299
2025-04-09 18:27:43,675 - __main__ - INFO - Получен user_id: 866342299
2025-04-09 18:27:43,675 - __main__ - INFO - Попытка открыть файл: E:\Пользователь\Documents\База знаний\Статьи.txt
2025-04-09 18:27:43,676 - __main__ - INFO - Файл успешно прочитан, длина содержимого: 8029 символов
2025-04-09 18:27:43,676 - __main__ - INFO - Сокращённое содержимое: 8029 символов
2025-04-09 18:27:43,676 - __main__ - INFO - Длина промпта: 9158 символов
2025-04-09 18:27:43,676 - __main__ - INFO - Отправка запроса к DeepSeek API
2025-04-09 18:27:58,785 - __main__ - INFO - Запрос успешно отправлен, обработка ответа
2025-04-09 18:27:58,785 - __main__ - INFO - Кейс успешно сгенерирован: Название кейса: Тревога перед экзаменами у студентки.  

Описание: Клиентка — студентка 2 курса, 19 ...
2025-04-09 18:27:58,786 - __main__ - INFO - Отправка кейса пользователю 866342299
2025-04-09 18:31:27,320 - __main__ - INFO - Анализ решения успешно выполнен: Плюсы решения:  
1. Логичность и структурированность — шаги четко изложены, что упрощает понимание. ...
2025-04-09 19:03:20,562 - __main__ - INFO - Отправка приветственного сообщения с выпадающим меню.
2025-04-09 19:03:41,724 - __main__ - INFO - Получен user_id: 1404612631
2025-04-09 19:03:41,724 - __main__ - INFO - Попытка открыть файл: E:\Пользователь\Documents\База знаний\Статьи.txt
2025-04-09 19:03:41,725 - __main__ - INFO - Файл успешно прочитан, длина содержимого: 8029 символов
2025-04-09 19:03:41,725 - __main__ - INFO - Сокращённое содержимое: 8029 символов
2025-04-09 19:03:41,726 - __main__ - INFO - Длина промпта: 9158 символов
2025-04-09 19:03:41,726 - __main__ - INFO - Отправка запроса к DeepSeek API
2025-04-09 19:03:52,549 - __main__ - INFO - Запрос успешно отправлен, обработка ответа
2025-04-09 19:03:52,550 - __main__ - INFO - Кейс успешно сгенерирован: Название кейса: Тревога и избегание социальных ситуаций у молодого специалиста.  

Описание: Клиент ...
2025-04-09 19:03:52,550 - __main__ - INFO - Отправка кейса пользователю 1404612631
2025-04-09 19:03:52,824 - __main__ - INFO - Получен user_id: 1404612631
2025-04-09 19:03:52,824 - __main__ - INFO - Попытка открыть файл: E:\Пользователь\Documents\База знаний\Статьи.txt
2025-04-09 19:03:52,825 - __main__ - INFO - Файл успешно прочитан, длина содержимого: 8029 символов
2025-04-09 19:03:52,825 - __main__ - INFO - Сокращённое содержимое: 8029 символов
2025-04-09 19:03:52,825 - __main__ - INFO - Длина промпта: 9158 символов
2025-04-09 19:03:52,825 - __main__ - INFO - Отправка запроса к DeepSeek API
2025-04-09 19:04:07,610 - __main__ - INFO - Запрос успешно отправлен, обработка ответа
2025-04-09 19:04:07,611 - __main__ - INFO - Кейс успешно сгенерирован: Название кейса: Социальная тревожность и избегание общения.  

Описание: Клиент — мужчина 28 лет, ра...
2025-04-09 19:04:07,611 - __main__ - INFO - Отправка кейса пользователю 1404612631
2025-04-09 22:22:50,793 - __main__ - INFO - Отправка приветственного сообщения с выпадающим меню.
2025-04-09 22:22:58,358 - __main__ - INFO - Получен user_id: 524193756
2025-04-09 22:22:58,358 - __main__ - INFO - Попытка открыть файл: E:\Пользователь\Documents\База знаний\Статьи.txt
2025-04-09 22:22:58,362 - __main__ - INFO - Файл успешно прочитан, длина содержимого: 8029 символов
2025-04-09 22:22:58,363 - __main__ - INFO - Сокращённое содержимое: 8029 символов
2025-04-09 22:22:58,363 - __main__ - INFO - Длина промпта: 9158 символов
2025-04-09 22:22:58,363 - __main__ - INFO - Отправка запроса к DeepSeek API
2025-04-09 22:23:09,399 - __main__ - INFO - Запрос успешно отправлен, обработка ответа
2025-04-09 22:23:09,399 - __main__ - INFO - Кейс успешно сгенерирован: Название кейса: Тревога и избегание социальных ситуаций у молодого специалиста.  

Описание: Клиент ...
2025-04-09 22:23:09,399 - __main__ - INFO - Отправка кейса пользователю 524193756
2025-04-09 22:41:19,805 - __main__ - INFO - Отправка приветственного сообщения с выпадающим меню.
2025-04-09 22:47:28,946 - __main__ - INFO - Отправка приветственного сообщения с выпадающим меню.
2025-04-09 22:48:07,145 - __main__ - INFO - Получен user_id: 1421994508
2025-04-09 22:48:07,145 - __main__ - INFO - Попытка открыть файл: E:\Пользователь\Documents\База знаний\Статьи.txt
2025-04-09 22:48:07,146 - __main__ - INFO - Файл успешно прочитан, длина содержимого: 8029 символов
2025-04-09 22:48:07,146 - __main__ - INFO - Сокращённое содержимое: 8029 символов
2025-04-09 22:48:07,146 - __main__ - INFO - Длина промпта: 9158 символов
2025-04-09 22:48:07,146 - __main__ - INFO - Отправка запроса к DeepSeek API
2025-04-09 22:48:17,373 - __main__ - INFO - Запрос успешно отправлен, обработка ответа
2025-04-09 22:48:17,373 - __main__ - INFO - Кейс успешно сгенерирован: Название кейса: Тревога и избегание социальных ситуаций у молодого специалиста.  

Описание: Клиент ...
2025-04-09 22:48:17,374 - __main__ - INFO - Отправка кейса пользователю 1421994508
2025-04-10 06:04:58,016 - __main__ - INFO - Отправка приветственного сообщения с выпадающим меню.
2025-04-10 07:36:34,576 - __main__ - INFO - Отправка приветственного сообщения с выпадающим меню.
2025-04-10 07:36:50,411 - __main__ - INFO - Получен user_id: 1025184442
2025-04-10 07:36:50,411 - __main__ - INFO - Попытка открыть файл: E:\Пользователь\Documents\База знаний\Статьи.txt
2025-04-10 07:36:50,421 - __main__ - INFO - Файл успешно прочитан, длина содержимого: 8029 символов
2025-04-10 07:36:50,421 - __main__ - INFO - Сокращённое содержимое: 8029 символов
2025-04-10 07:36:50,421 - __main__ - INFO - Длина промпта: 9158 символов
2025-04-10 07:36:50,421 - __main__ - INFO - Отправка запроса к DeepSeek API
2025-04-10 07:37:00,834 - __main__ - INFO - Запрос успешно отправлен, обработка ответа
2025-04-10 07:37:00,834 - __main__ - INFO - Кейс успешно сгенерирован: Название кейса: Тревожность перед экзаменами у студента.  

Описание: Клиент — студент 2 курса, 19 л...
2025-04-10 07:37:00,835 - __main__ - INFO - Отправка кейса пользователю 1025184442
2025-04-10 08:20:19,531 - __main__ - INFO - Отправка приветственного сообщения с выпадающим меню.
2025-04-10 08:20:29,483 - __main__ - INFO - Получен user_id: 1171656710
2025-04-10 08:20:29,483 - __main__ - INFO - Попытка открыть файл: E:\Пользователь\Documents\База знаний\Статьи.txt
2025-04-10 08:20:29,484 - __main__ - INFO - Файл успешно прочитан, длина содержимого: 8029 символов
2025-04-10 08:20:29,484 - __main__ - INFO - Сокращённое содержимое: 8029 символов
2025-04-10 08:20:29,484 - __main__ - INFO - Длина промпта: 9158 символов
2025-04-10 08:20:29,485 - __main__ - INFO - Отправка запроса к DeepSeek API
2025-04-10 08:20:42,283 - __main__ - INFO - Запрос успешно отправлен, обработка ответа
2025-04-10 08:20:42,284 - __main__ - INFO - Кейс успешно сгенерирован: Название кейса: Социальная тревожность у молодого специалиста.  

Описание: Клиент — мужчина 24 лет,...
2025-04-10 08:20:42,284 - __main__ - INFO - Отправка кейса пользователю 1171656710
2025-04-10 09:03:50,057 - __main__ - INFO - Отправка приветственного сообщения с выпадающим меню.
2025-04-10 09:04:08,491 - __main__ - INFO - Получен user_id: 1200504271
2025-04-10 09:04:08,491 - __main__ - INFO - Отправка анализа решения пользователю 1200504271
2025-04-10 11:42:42,404 - __main__ - INFO - Отправка приветственного сообщения с выпадающим меню.
2025-04-10 11:42:54,059 - __main__ - INFO - Получен user_id: 538913557
2025-04-10 11:42:54,059 - __main__ - INFO - Отправка анализа решения пользователю 538913557
2025-04-10 18:51:31,566 - __main__ - INFO - Отправка приветственного сообщения с выпадающим меню.
2025-04-10 18:51:35,702 - __main__ - INFO - Получен user_id: 881938728
2025-04-10 18:51:35,702 - __main__ - INFO - Попытка открыть файл: E:\Пользователь\Documents\База знаний\Статьи.txt
2025-04-10 18:51:35,714 - __main__ - INFO - Файл успешно прочитан, длина содержимого: 8029 символов
2025-04-10 18:51:35,714 - __main__ - INFO - Сокращённое содержимое: 8029 символов
2025-04-10 18:51:35,715 - __main__ - INFO - Длина промпта: 9158 символов
2025-04-10 18:51:35,715 - __main__ - INFO - Отправка запроса к DeepSeek API
2025-04-10 18:51:48,601 - __main__ - INFO - Запрос успешно отправлен, обработка ответа
2025-04-10 18:51:48,602 - __main__ - INFO - Кейс успешно сгенерирован: Название кейса: Социальная тревожность и избегание знакомств.  

Описание: Клиент — мужчина 28 лет, ...
2025-04-10 18:51:48,602 - __main__ - INFO - Отправка кейса пользователю 881938728
2025-04-10 18:53:02,299 - __main__ - INFO - Анализ решения успешно выполнен: Плюсы решения:  
1. Логичная структура и последовательность шагов.  
2. Учет ключевых факторов и дан...
2025-04-10 18:54:02,944 - __main__ - INFO - Получен user_id: 881938728
2025-04-11 14:03:53,500 - __main__ - INFO - Отправка приветственного сообщения с выпадающим меню.
2025-04-11 14:07:36,567 - __main__ - INFO - Отправка приветственного сообщения с выпадающим меню.
2025-04-11 14:08:02,692 - __main__ - INFO - Получен user_id: 825643325
2025-04-11 14:08:02,692 - __main__ - INFO - Отправка анализа решения пользователю 825643325
2025-04-11 14:08:11,459 - __main__ - INFO - Получен user_id: 825643325
2025-04-11 14:08:11,459 - __main__ - INFO - Попытка открыть файл: E:\Пользователь\Documents\База знаний\Статьи.txt
2025-04-11 14:08:11,467 - __main__ - INFO - Файл успешно прочитан, длина содержимого: 8029 символов
2025-04-11 14:08:11,467 - __main__ - INFO - Сокращённое содержимое: 8029 символов
2025-04-11 14:08:11,467 - __main__ - INFO - Длина промпта: 9158 символов
2025-04-11 14:08:11,467 - __main__ - INFO - Отправка запроса к DeepSeek API
2025-04-11 14:08:22,648 - __main__ - INFO - Запрос успешно отправлен, обработка ответа
2025-04-11 14:08:22,648 - __main__ - INFO - Кейс успешно сгенерирован: Название кейса: Социальная тревожность у молодого специалиста.  

Описание: Клиент — мужчина 24 года...
2025-04-11 14:08:22,649 - __main__ - INFO - Отправка кейса пользователю 825643325
2025-04-11 14:08:23,299 - __main__ - INFO - Получен user_id: 825643325
2025-04-11 14:08:23,299 - __main__ - INFO - Попытка открыть файл: E:\Пользователь\Documents\База знаний\Статьи.txt
2025-04-11 14:08:23,300 - __main__ - INFO - Файл успешно прочитан, длина содержимого: 8029 символов
2025-04-11 14:08:23,300 - __main__ - INFO - Сокращённое содержимое: 8029 символов
2025-04-11 14:08:23,300 - __main__ - INFO - Длина промпта: 9158 символов
2025-04-11 14:08:23,300 - __main__ - INFO - Отправка запроса к DeepSeek API
2025-04-11 14:08:36,936 - __main__ - INFO - Запрос успешно отправлен, обработка ответа
2025-04-11 14:08:36,936 - __main__ - INFO - Кейс успешно сгенерирован: Название кейса: Социальная тревожность и избегание взаимодействий.  

Описание: Клиент — мужчина 28 ...
2025-04-11 14:08:36,936 - __main__ - INFO - Отправка кейса пользователю 825643325
2025-04-11 15:12:19,351 - __main__ - INFO - Отправка приветственного сообщения с выпадающим меню.
2025-04-11 15:12:43,510 - __main__ - INFO - Анализ решения успешно выполнен: Плюсы решения:
1. Логичность и структурированность подхода.
2. Учет ключевых факторов и данных.
3. П...
2025-04-11 15:12:43,683 - __main__ - INFO - Получен user_id: 705360119
2025-04-11 15:12:43,683 - __main__ - INFO - Попытка открыть файл: E:\Пользователь\Documents\База знаний\Статьи.txt
2025-04-11 15:12:43,683 - __main__ - INFO - Файл успешно прочитан, длина содержимого: 8029 символов
2025-04-11 15:12:43,683 - __main__ - INFO - Сокращённое содержимое: 8029 символов
2025-04-11 15:12:43,683 - __main__ - INFO - Длина промпта: 9158 символов
2025-04-11 15:12:43,684 - __main__ - INFO - Отправка запроса к DeepSeek API
2025-04-11 15:12:56,518 - __main__ - INFO - Запрос успешно отправлен, обработка ответа
2025-04-11 15:12:56,519 - __main__ - INFO - Кейс успешно сгенерирован: Название кейса: Тревога перед экзаменами у студента.  

Описание: Клиент — студент 2 курса, 19 лет. ...
2025-04-11 15:12:56,519 - __main__ - INFO - Отправка кейса пользователю 705360119
2025-04-11 15:14:10,478 - __main__ - INFO - Анализ решения успешно выполнен: Плюсы решения:
1. Логическая структура: решение разбито на четкие шаги, что упрощает понимание.
2. П...
2025-04-11 15:14:22,867 - __main__ - INFO - Анализ решения успешно выполнен: Плюсы решения:  
1. Логичность и структурированность подхода.  
2. Учет ключевых факторов и данных. ...
2025-04-11 17:19:31,333 - __main__ - INFO - Отправка приветственного сообщения с выпадающим меню.
2025-04-11 17:19:37,815 - __main__ - INFO - Получен user_id: 1092860792
2025-04-11 17:19:37,816 - __main__ - INFO - Попытка открыть файл: E:\Пользователь\Documents\База знаний\Статьи.txt
2025-04-11 17:19:37,817 - __main__ - INFO - Файл успешно прочитан, длина содержимого: 8029 символов
2025-04-11 17:19:37,817 - __main__ - INFO - Сокращённое содержимое: 8029 символов
2025-04-11 17:19:37,817 - __main__ - INFO - Длина промпта: 9158 символов
2025-04-11 17:19:37,817 - __main__ - INFO - Отправка запроса к DeepSeek API
2025-04-11 17:19:50,573 - __main__ - INFO - Запрос успешно отправлен, обработка ответа
2025-04-11 17:19:50,574 - __main__ - INFO - Кейс успешно сгенерирован: Название кейса: Социальная тревожность и избегание контактов у молодого специалиста.  

Описание: Кл...
2025-04-11 17:19:50,574 - __main__ - INFO - Отправка кейса пользователю 1092860792
2025-04-11 17:19:50,742 - __main__ - INFO - Получен user_id: 1092860792
2025-04-11 17:19:50,742 - __main__ - INFO - Попытка открыть файл: E:\Пользователь\Documents\База знаний\Статьи.txt
2025-04-11 17:19:50,743 - __main__ - INFO - Файл успешно прочитан, длина содержимого: 8029 символов
2025-04-11 17:19:50,743 - __main__ - INFO - Сокращённое содержимое: 8029 символов
2025-04-11 17:19:50,743 - __main__ - INFO - Длина промпта: 9158 символов
2025-04-11 17:19:50,743 - __main__ - INFO - Отправка запроса к DeepSeek API
2025-04-11 17:20:04,672 - __main__ - INFO - Запрос успешно отправлен, обработка ответа
2025-04-11 17:20:04,672 - __main__ - INFO - Кейс успешно сгенерирован: Название кейса: Тревога и избегание социальных ситуаций у молодого специалиста.  

Описание: Клиент ...
2025-04-11 17:20:04,672 - __main__ - INFO - Отправка кейса пользователю 1092860792
2025-04-12 09:15:00,575 - __main__ - INFO - Запуск бота
2025-04-12 09:15:01,246 - telegram.ext._application - INFO - Application started
2025-04-12 09:31:20,067 - __main__ - INFO - Отправка приветственного сообщения с выпадающим меню.
2025-04-12 09:32:47,163 - __main__ - INFO - Получен user_id: 1229508120
2025-04-12 09:32:47,163 - __main__ - INFO - Инициализированы данные для пользователя 1229508120
2025-04-12 09:32:47,163 - __main__ - INFO - Попытка открыть файл: E:\Пользователь\Documents\База знаний\Статьи.txt
2025-04-12 09:32:47,171 - __main__ - INFO - Файл успешно прочитан, длина содержимого: 8029 символов
2025-04-12 09:32:47,171 - __main__ - INFO - Сокращённое содержимое: 8029 символов
2025-04-12 09:32:47,171 - __main__ - INFO - Длина промпта: 9158 символов
2025-04-12 09:32:47,171 - __main__ - INFO - Отправка запроса к DeepSeek API
2025-04-12 09:32:59,583 - __main__ - INFO - Запрос успешно отправлен, обработка ответа
2025-04-12 09:32:59,584 - __main__ - INFO - Кейс успешно сгенерирован: Название кейса: Тревожность и избегание социальных ситуаций у молодого специалиста.  

Описание: Кли...
2025-04-12 09:32:59,584 - __main__ - INFO - Отправка кейса пользователю 1229508120
2025-04-12 09:33:14,070 - __main__ - INFO - Нажата кнопка: get_case
2025-04-12 09:33:14,220 - __main__ - INFO - Получен user_id: 1229508120
2025-04-12 09:33:14,220 - __main__ - INFO - Попытка открыть файл: E:\Пользователь\Documents\База знаний\Статьи.txt
2025-04-12 09:33:14,221 - __main__ - INFO - Файл успешно прочитан, длина содержимого: 8029 символов
2025-04-12 09:33:14,221 - __main__ - INFO - Сокращённое содержимое: 8029 символов
2025-04-12 09:33:14,221 - __main__ - INFO - Длина промпта: 9158 символов
2025-04-12 09:33:14,221 - __main__ - INFO - Отправка запроса к DeepSeek API
2025-04-12 09:33:26,493 - __main__ - INFO - Запрос успешно отправлен, обработка ответа
2025-04-12 09:33:26,493 - __main__ - INFO - Кейс успешно сгенерирован: Название кейса: Социальная тревожность и избегание взаимодействий.  

Описание: Клиент — молодая жен...
2025-04-12 09:33:26,493 - __main__ - INFO - Отправка кейса пользователю 1229508120
2025-04-12 09:38:01,105 - __main__ - INFO - Анализ решения успешно выполнен: Плюсы решения:  
1. Логичность и структурированность подхода.  
2. Учет ключевых факторов и возможны...
2025-04-12 12:12:55,660 - __main__ - INFO - Отправка приветственного сообщения с выпадающим меню.
2025-04-13 15:18:40,907 - __main__ - INFO - Запуск бота
2025-04-13 15:18:42,267 - telegram.ext._application - INFO - Application started
2025-04-13 15:18:42,410 - __main__ - INFO - Отправка приветственного сообщения с выпадающим меню.
2025-04-13 15:18:42,517 - __main__ - INFO - Отправка приветственного сообщения с выпадающим меню.
2025-04-13 15:18:42,601 - __main__ - INFO - Отправка приветственного сообщения с выпадающим меню.
2025-04-13 15:18:42,747 - __main__ - INFO - Получен user_id: 1537434331
2025-04-13 15:18:42,747 - __main__ - INFO - Инициализированы данные для пользователя 1537434331
2025-04-13 15:18:42,748 - __main__ - INFO - Попытка открыть файл: E:\Пользователь\Documents\База знаний\Статьи.txt
2025-04-13 15:18:42,762 - __main__ - INFO - Файл успешно прочитан, длина содержимого: 8029 символов
2025-04-13 15:18:42,763 - __main__ - INFO - Сокращённое содержимое: 8029 символов
2025-04-13 15:18:42,763 - __main__ - INFO - Длина промпта: 9158 символов
2025-04-13 15:18:42,763 - __main__ - INFO - Отправка запроса к DeepSeek API
2025-04-13 15:18:57,344 - __main__ - INFO - Запрос успешно отправлен, обработка ответа
2025-04-13 15:18:57,345 - __main__ - INFO - Кейс успешно сгенерирован: Название кейса: Тревожность и избегание социальных ситуаций у молодого специалиста.  

Описание: Кли...
2025-04-13 15:18:57,346 - __main__ - INFO - Отправка кейса пользователю 1537434331
2025-04-13 15:18:57,570 - __main__ - INFO - Получен user_id: 1537434331
2025-04-13 15:18:57,570 - __main__ - INFO - Отправка анализа решения пользователю 1537434331
2025-04-13 15:18:57,725 - __main__ - INFO - Получен user_id: 1537434331
2025-04-13 15:18:57,922 - __main__ - INFO - Кнопка 'Показать прогресс' нажата
2025-04-13 15:18:57,922 - __main__ - INFO - Получен user_id: 1537434331
2025-04-13 15:18:57,922 - __main__ - INFO - Отправка прогресса для пользователя 1537434331: 0 кейсов
2025-04-13 15:18:58,078 - __main__ - INFO - Отправка приветственного сообщения с выпадающим меню.
2025-04-13 15:18:58,259 - __main__ - INFO - Отправка приветственного сообщения с выпадающим меню.
2025-04-13 15:18:58,378 - __main__ - INFO - Нажата кнопка: 0
2025-04-13 15:18:58,463 - telegram.ext._application - ERROR - No error handlers are registered, logging exception.
Traceback (most recent call last):
  File "C:\Users\Пользователь\glamcoding\.venv\Lib\site-packages\telegram\ext\_application.py", line 1063, in process_update
    await coroutine
  File "C:\Users\Пользователь\glamcoding\.venv\Lib\site-packages\telegram\ext\_handler.py", line 141, in handle_update
    return await self.callback(update, context)
           ^^^^^^^^^^^^^^^^^^^^^^^^^^^^^^^^^^^^
  File "c:\Users\Пользователь\glamcoding\meow.py", line 178, in button_handler
    await query.answer()
  File "C:\Users\Пользователь\glamcoding\.venv\Lib\site-packages\telegram\_callbackquery.py", line 180, in answer
    return await self.get_bot().answer_callback_query(
           ^^^^^^^^^^^^^^^^^^^^^^^^^^^^^^^^^^^^^^^^^^^
    ...<10 lines>...
    )
    ^
  File "C:\Users\Пользователь\glamcoding\.venv\Lib\site-packages\telegram\ext\_extbot.py", line 752, in answer_callback_query
    return await super().answer_callback_query(
           ^^^^^^^^^^^^^^^^^^^^^^^^^^^^^^^^^^^^
    ...<10 lines>...
    )
    ^
  File "C:\Users\Пользователь\glamcoding\.venv\Lib\site-packages\telegram\_bot.py", line 334, in decorator
    result = await func(*args, **kwargs)  # skipcq: PYL-E1102
             ^^^^^^^^^^^^^^^^^^^^^^^^^^^
  File "C:\Users\Пользователь\glamcoding\.venv\Lib\site-packages\telegram\_bot.py", line 3218, in answer_callback_query
    result = await self._post(
             ^^^^^^^^^^^^^^^^^
    ...<7 lines>...
    )
    ^
  File "C:\Users\Пользователь\glamcoding\.venv\Lib\site-packages\telegram\_bot.py", line 422, in _post
    return await self._do_post(
           ^^^^^^^^^^^^^^^^^^^^
    ...<6 lines>...
    )
    ^
  File "C:\Users\Пользователь\glamcoding\.venv\Lib\site-packages\telegram\ext\_extbot.py", line 306, in _do_post
    return await super()._do_post(
           ^^^^^^^^^^^^^^^^^^^^^^^
    ...<6 lines>...
    )
    ^
  File "C:\Users\Пользователь\glamcoding\.venv\Lib\site-packages\telegram\_bot.py", line 453, in _do_post
    return await request.post(
           ^^^^^^^^^^^^^^^^^^^
    ...<6 lines>...
    )
    ^
  File "C:\Users\Пользователь\glamcoding\.venv\Lib\site-packages\telegram\request\_baserequest.py", line 165, in post
    result = await self._request_wrapper(
             ^^^^^^^^^^^^^^^^^^^^^^^^^^^^
    ...<7 lines>...
    )
    ^
  File "C:\Users\Пользователь\glamcoding\.venv\Lib\site-packages\telegram\request\_baserequest.py", line 328, in _request_wrapper
    raise BadRequest(message)
telegram.error.BadRequest: Query is too old and response timeout expired or query id is invalid
2025-04-13 15:18:58,487 - __main__ - INFO - Нажата кнопка: 0
2025-04-13 15:18:58,575 - telegram.ext._application - ERROR - No error handlers are registered, logging exception.
Traceback (most recent call last):
  File "C:\Users\Пользователь\glamcoding\.venv\Lib\site-packages\telegram\ext\_application.py", line 1063, in process_update
    await coroutine
  File "C:\Users\Пользователь\glamcoding\.venv\Lib\site-packages\telegram\ext\_handler.py", line 141, in handle_update
    return await self.callback(update, context)
           ^^^^^^^^^^^^^^^^^^^^^^^^^^^^^^^^^^^^
  File "c:\Users\Пользователь\glamcoding\meow.py", line 178, in button_handler
    await query.answer()
  File "C:\Users\Пользователь\glamcoding\.venv\Lib\site-packages\telegram\_callbackquery.py", line 180, in answer
    return await self.get_bot().answer_callback_query(
           ^^^^^^^^^^^^^^^^^^^^^^^^^^^^^^^^^^^^^^^^^^^
    ...<10 lines>...
    )
    ^
  File "C:\Users\Пользователь\glamcoding\.venv\Lib\site-packages\telegram\ext\_extbot.py", line 752, in answer_callback_query
    return await super().answer_callback_query(
           ^^^^^^^^^^^^^^^^^^^^^^^^^^^^^^^^^^^^
    ...<10 lines>...
    )
    ^
  File "C:\Users\Пользователь\glamcoding\.venv\Lib\site-packages\telegram\_bot.py", line 334, in decorator
    result = await func(*args, **kwargs)  # skipcq: PYL-E1102
             ^^^^^^^^^^^^^^^^^^^^^^^^^^^
  File "C:\Users\Пользователь\glamcoding\.venv\Lib\site-packages\telegram\_bot.py", line 3218, in answer_callback_query
    result = await self._post(
             ^^^^^^^^^^^^^^^^^
    ...<7 lines>...
    )
    ^
  File "C:\Users\Пользователь\glamcoding\.venv\Lib\site-packages\telegram\_bot.py", line 422, in _post
    return await self._do_post(
           ^^^^^^^^^^^^^^^^^^^^
    ...<6 lines>...
    )
    ^
  File "C:\Users\Пользователь\glamcoding\.venv\Lib\site-packages\telegram\ext\_extbot.py", line 306, in _do_post
    return await super()._do_post(
           ^^^^^^^^^^^^^^^^^^^^^^^
    ...<6 lines>...
    )
    ^
  File "C:\Users\Пользователь\glamcoding\.venv\Lib\site-packages\telegram\_bot.py", line 453, in _do_post
    return await request.post(
           ^^^^^^^^^^^^^^^^^^^
    ...<6 lines>...
    )
    ^
  File "C:\Users\Пользователь\glamcoding\.venv\Lib\site-packages\telegram\request\_baserequest.py", line 165, in post
    result = await self._request_wrapper(
             ^^^^^^^^^^^^^^^^^^^^^^^^^^^^
    ...<7 lines>...
    )
    ^
  File "C:\Users\Пользователь\glamcoding\.venv\Lib\site-packages\telegram\request\_baserequest.py", line 328, in _request_wrapper
    raise BadRequest(message)
telegram.error.BadRequest: Query is too old and response timeout expired or query id is invalid
2025-04-13 15:18:58,582 - __main__ - INFO - Отправка приветственного сообщения с выпадающим меню.
2025-04-13 15:18:58,678 - __main__ - INFO - Отправка приветственного сообщения с выпадающим меню.
2025-04-13 15:19:07,256 - __main__ - INFO - Получен user_id: 841782365
2025-04-13 15:19:07,256 - __main__ - INFO - Попытка открыть файл: E:\Пользователь\Documents\База знаний\Статьи.txt
2025-04-13 15:19:07,257 - __main__ - INFO - Файл успешно прочитан, длина содержимого: 8029 символов
2025-04-13 15:19:07,257 - __main__ - INFO - Сокращённое содержимое: 8029 символов
2025-04-13 15:19:07,257 - __main__ - INFO - Длина промпта: 9158 символов
2025-04-13 15:19:07,257 - __main__ - INFO - Отправка запроса к DeepSeek API
2025-04-13 15:19:21,253 - __main__ - INFO - Запрос успешно отправлен, обработка ответа
2025-04-13 15:19:21,253 - __main__ - INFO - Кейс успешно сгенерирован: Название кейса: Тревожность и избегание социальных ситуаций у молодого специалиста.  

Описание: Кли...
2025-04-13 15:19:21,254 - __main__ - INFO - Отправка кейса пользователю 841782365
2025-04-13 15:20:36,371 - __main__ - INFO - Получен user_id: 841782365
2025-04-13 15:20:36,371 - __main__ - INFO - Попытка открыть файл: E:\Пользователь\Documents\База знаний\Статьи.txt
2025-04-13 15:20:36,372 - __main__ - INFO - Файл успешно прочитан, длина содержимого: 8029 символов
2025-04-13 15:20:36,372 - __main__ - INFO - Сокращённое содержимое: 8029 символов
2025-04-13 15:20:36,372 - __main__ - INFO - Длина промпта: 9158 символов
2025-04-13 15:20:36,373 - __main__ - INFO - Отправка запроса к DeepSeek API
2025-04-13 15:20:48,988 - __main__ - INFO - Запрос успешно отправлен, обработка ответа
2025-04-13 15:20:48,988 - __main__ - INFO - Кейс успешно сгенерирован: Название кейса: Тревога перед экзаменами у студента.  

Описание: Клиент — студент 2 курса, 19 лет. ...
2025-04-13 15:20:48,989 - __main__ - INFO - Отправка кейса пользователю 841782365
2025-04-13 15:20:49,260 - __main__ - INFO - Нажата кнопка: get_case
2025-04-13 15:20:49,417 - __main__ - INFO - Получен user_id: 841782365
2025-04-13 15:20:49,417 - __main__ - INFO - Попытка открыть файл: E:\Пользователь\Documents\База знаний\Статьи.txt
2025-04-13 15:20:49,418 - __main__ - INFO - Файл успешно прочитан, длина содержимого: 8029 символов
2025-04-13 15:20:49,418 - __main__ - INFO - Сокращённое содержимое: 8029 символов
2025-04-13 15:20:49,418 - __main__ - INFO - Длина промпта: 9158 символов
2025-04-13 15:20:49,419 - __main__ - INFO - Отправка запроса к DeepSeek API
2025-04-13 15:21:04,400 - __main__ - INFO - Запрос успешно отправлен, обработка ответа
2025-04-13 15:21:04,400 - __main__ - INFO - Кейс успешно сгенерирован: Название кейса: Тревога и избегание социальных ситуаций у молодого специалиста.  

Описание: Клиент ...
2025-04-13 15:21:04,401 - __main__ - INFO - Отправка кейса пользователю 841782365
2025-04-13 15:21:04,637 - __main__ - INFO - Получен user_id: 1537434331
2025-04-13 15:21:04,637 - __main__ - INFO - Попытка открыть файл: E:\Пользователь\Documents\База знаний\Статьи.txt
2025-04-13 15:21:04,638 - __main__ - INFO - Файл успешно прочитан, длина содержимого: 8029 символов
2025-04-13 15:21:04,638 - __main__ - INFO - Сокращённое содержимое: 8029 символов
2025-04-13 15:21:04,638 - __main__ - INFO - Длина промпта: 9158 символов
2025-04-13 15:21:04,638 - __main__ - INFO - Отправка запроса к DeepSeek API
2025-04-13 15:21:19,544 - __main__ - INFO - Запрос успешно отправлен, обработка ответа
2025-04-13 15:21:19,544 - __main__ - INFO - Кейс успешно сгенерирован: Название кейса: Тревога и избегание социальных ситуаций у молодого специалиста.  

Описание: Клиент ...
2025-04-13 15:21:19,545 - __main__ - INFO - Отправка кейса пользователю 1537434331
2025-04-13 15:21:40,230 - __main__ - INFO - Нажата кнопка: get_case
2025-04-13 15:21:40,424 - __main__ - INFO - Получен user_id: 841782365
2025-04-13 15:21:40,425 - __main__ - INFO - Попытка открыть файл: E:\Пользователь\Documents\База знаний\Статьи.txt
2025-04-13 15:21:40,425 - __main__ - INFO - Файл успешно прочитан, длина содержимого: 8029 символов
2025-04-13 15:21:40,426 - __main__ - INFO - Сокращённое содержимое: 8029 символов
2025-04-13 15:21:40,426 - __main__ - INFO - Длина промпта: 9158 символов
2025-04-13 15:21:40,426 - __main__ - INFO - Отправка запроса к DeepSeek API
2025-04-13 15:21:54,174 - __main__ - INFO - Запрос успешно отправлен, обработка ответа
2025-04-13 15:21:54,174 - __main__ - INFO - Кейс успешно сгенерирован: Название кейса: Тревога перед экзаменами у студентки.  

Описание: Клиентка — студентка 2 курса, 19 ...
2025-04-13 15:21:54,174 - __main__ - INFO - Отправка кейса пользователю 841782365
2025-04-13 15:21:54,344 - __main__ - INFO - Нажата кнопка: get_case
2025-04-13 15:21:54,397 - __main__ - INFO - Получен user_id: 841782365
2025-04-13 15:21:54,397 - __main__ - INFO - Попытка открыть файл: E:\Пользователь\Documents\База знаний\Статьи.txt
2025-04-13 15:21:54,398 - __main__ - INFO - Файл успешно прочитан, длина содержимого: 8029 символов
2025-04-13 15:21:54,398 - __main__ - INFO - Сокращённое содержимое: 8029 символов
2025-04-13 15:21:54,398 - __main__ - INFO - Длина промпта: 9158 символов
2025-04-13 15:21:54,398 - __main__ - INFO - Отправка запроса к DeepSeek API
2025-04-13 15:22:06,605 - __main__ - INFO - Запрос успешно отправлен, обработка ответа
2025-04-13 15:22:06,606 - __main__ - INFO - Кейс успешно сгенерирован: Название кейса: Тревожность и избегание социальных ситуаций у молодого специалиста.  

Описание: Кли...
2025-04-13 15:22:06,606 - __main__ - INFO - Отправка кейса пользователю 841782365
2025-04-13 15:22:09,064 - __main__ - INFO - Получен user_id: 1537434331
2025-04-13 15:22:09,064 - __main__ - INFO - Попытка открыть файл: E:\Пользователь\Documents\База знаний\Статьи.txt
2025-04-13 15:22:09,065 - __main__ - INFO - Файл успешно прочитан, длина содержимого: 8029 символов
2025-04-13 15:22:09,065 - __main__ - INFO - Сокращённое содержимое: 8029 символов
2025-04-13 15:22:09,066 - __main__ - INFO - Длина промпта: 9158 символов
2025-04-13 15:22:09,066 - __main__ - INFO - Отправка запроса к DeepSeek API
2025-04-13 15:22:23,003 - __main__ - INFO - Запрос успешно отправлен, обработка ответа
2025-04-13 15:22:23,004 - __main__ - INFO - Кейс успешно сгенерирован: Название кейса: Тревога и избегание социальных ситуаций у молодого специалиста.  

Описание: Клиент ...
2025-04-13 15:22:23,005 - __main__ - INFO - Отправка кейса пользователю 1537434331
2025-04-13 15:23:52,573 - __main__ - INFO - Нажата кнопка: get_case
2025-04-13 15:23:53,742 - __main__ - INFO - Получен user_id: 1537434331
2025-04-13 15:23:53,743 - __main__ - INFO - Попытка открыть файл: E:\Пользователь\Documents\База знаний\Статьи.txt
2025-04-13 15:23:53,744 - __main__ - INFO - Файл успешно прочитан, длина содержимого: 8029 символов
2025-04-13 15:23:53,744 - __main__ - INFO - Сокращённое содержимое: 8029 символов
2025-04-13 15:23:53,744 - __main__ - INFO - Длина промпта: 9158 символов
2025-04-13 15:23:53,744 - __main__ - INFO - Отправка запроса к DeepSeek API
2025-04-13 15:24:06,434 - __main__ - INFO - Запрос успешно отправлен, обработка ответа
2025-04-13 15:24:06,436 - __main__ - INFO - Кейс успешно сгенерирован: Название кейса: Социальная тревожность у молодого специалиста.  

Описание: Клиент — мужчина 24 лет,...
2025-04-13 15:24:06,439 - __main__ - INFO - Отправка кейса пользователю 1537434331
2025-04-13 15:24:23,079 - __main__ - INFO - Нажата кнопка: get_case
2025-04-13 15:24:23,284 - __main__ - INFO - Получен user_id: 1537434331
2025-04-13 15:24:23,285 - __main__ - INFO - Попытка открыть файл: E:\Пользователь\Documents\База знаний\Статьи.txt
2025-04-13 15:24:23,286 - __main__ - INFO - Файл успешно прочитан, длина содержимого: 8029 символов
2025-04-13 15:24:23,286 - __main__ - INFO - Сокращённое содержимое: 8029 символов
2025-04-13 15:24:23,286 - __main__ - INFO - Длина промпта: 9158 символов
2025-04-13 15:24:23,286 - __main__ - INFO - Отправка запроса к DeepSeek API
2025-04-13 15:24:36,032 - __main__ - INFO - Запрос успешно отправлен, обработка ответа
2025-04-13 15:24:36,033 - __main__ - INFO - Кейс успешно сгенерирован: Название кейса: Тревога и избегание социальных ситуаций у молодого специалиста.  

Описание: Клиент ...
2025-04-13 15:24:36,033 - __main__ - INFO - Отправка кейса пользователю 1537434331
2025-04-13 15:25:38,655 - __main__ - INFO - Нажата кнопка: get_case
2025-04-13 15:25:38,839 - __main__ - INFO - Получен user_id: 1537434331
2025-04-13 15:25:38,840 - __main__ - INFO - Попытка открыть файл: E:\Пользователь\Documents\База знаний\Статьи.txt
2025-04-13 15:25:38,842 - __main__ - INFO - Файл успешно прочитан, длина содержимого: 8029 символов
2025-04-13 15:25:38,842 - __main__ - INFO - Сокращённое содержимое: 8029 символов
2025-04-13 15:25:38,844 - __main__ - INFO - Длина промпта: 9158 символов
2025-04-13 15:25:38,844 - __main__ - INFO - Отправка запроса к DeepSeek API
2025-04-13 15:25:50,620 - __main__ - INFO - Запрос успешно отправлен, обработка ответа
2025-04-13 15:25:50,625 - __main__ - INFO - Кейс успешно сгенерирован: Название кейса: Тревога перед экзаменами у студента.  

Описание: Клиент — студент 2 курса, 19 лет. ...
2025-04-13 15:25:50,626 - __main__ - INFO - Отправка кейса пользователю 1537434331
2025-04-13 15:26:56,619 - __main__ - INFO - Анализ решения успешно выполнен: Плюсы решения:
1. Логическая структура - решение разбито на четкие шаги, что упрощает понимание.
2. ...
2025-04-13 15:26:56,786 - __main__ - INFO - Получен user_id: 1115730204
2025-04-13 15:26:56,787 - __main__ - INFO - Отправка анализа решения пользователю 1115730204
2025-04-13 15:27:04,352 - __main__ - INFO - Кнопка 'Показать прогресс' нажата
2025-04-13 15:27:04,352 - __main__ - INFO - Получен user_id: 1115730204
2025-04-13 15:27:04,354 - __main__ - INFO - Отправка прогресса для пользователя 1115730204: 0 кейсов
2025-04-13 15:27:06,299 - __main__ - INFO - Получен user_id: 1115730204
2025-04-13 15:27:06,299 - __main__ - INFO - Попытка открыть файл: E:\Пользователь\Documents\База знаний\Статьи.txt
2025-04-13 15:27:06,300 - __main__ - INFO - Файл успешно прочитан, длина содержимого: 8029 символов
2025-04-13 15:27:06,300 - __main__ - INFO - Сокращённое содержимое: 8029 символов
2025-04-13 15:27:06,300 - __main__ - INFO - Длина промпта: 9158 символов
2025-04-13 15:27:06,300 - __main__ - INFO - Отправка запроса к DeepSeek API
2025-04-13 15:27:17,646 - __main__ - INFO - Запрос успешно отправлен, обработка ответа
2025-04-13 15:27:17,646 - __main__ - INFO - Кейс успешно сгенерирован: Название кейса: Социальная тревожность и избегание контактов у молодого специалиста.  

Описание: Кл...
2025-04-13 15:27:17,647 - __main__ - INFO - Отправка кейса пользователю 1115730204
2025-04-13 15:28:23,221 - __main__ - INFO - Анализ решения успешно выполнен: Плюсы решения:  
1. Логичность и структурированность подхода.  
2. Учет ключевых факторов и данных. ...
2025-04-13 15:28:47,488 - __main__ - INFO - Кнопка 'Показать прогресс' нажата
2025-04-13 15:28:47,489 - __main__ - INFO - Получен user_id: 841782365
2025-04-13 15:28:47,489 - __main__ - INFO - Отправка прогресса для пользователя 841782365: 1 кейсов
2025-04-14 17:06:26,005 - __main__ - INFO - Запуск бота
2025-04-14 17:06:26,655 - telegram.ext._application - INFO - Application started
2025-04-15 09:22:26,125 - telegram.ext._updater - ERROR - Error while getting Updates: httpx HTTPError: 
2025-04-15 09:22:26,133 - telegram.ext._application - ERROR - No error handlers are registered, logging exception.
Traceback (most recent call last):
  File "C:\Users\Пользователь\glamcoding\.venv\Lib\site-packages\httpcore\_exceptions.py", line 10, in map_exceptions
    yield
  File "C:\Users\Пользователь\glamcoding\.venv\Lib\site-packages\httpcore\backends\asyncio.py", line 34, in read
    return await self._stream.receive(max_bytes=max_bytes)
           ^^^^^^^^^^^^^^^^^^^^^^^^^^^^^^^^^^^^^^^^^^^^^^^
  File "C:\Users\Пользователь\glamcoding\.venv\Lib\site-packages\anyio\streams\tls.py", line 219, in receive
    data = await self._call_sslobject_method(self._ssl_object.read, max_bytes)
           ^^^^^^^^^^^^^^^^^^^^^^^^^^^^^^^^^^^^^^^^^^^^^^^^^^^^^^^^^^^^^^^^^^^
  File "C:\Users\Пользователь\glamcoding\.venv\Lib\site-packages\anyio\streams\tls.py", line 162, in _call_sslobject_method
    data = await self.transport_stream.receive()
           ^^^^^^^^^^^^^^^^^^^^^^^^^^^^^^^^^^^^^
  File "C:\Users\Пользователь\glamcoding\.venv\Lib\site-packages\anyio\_backends\_asyncio.py", line 1265, in receive
    raise self._protocol.exception from None
anyio.BrokenResourceError

During handling of the above exception, another exception occurred:

Traceback (most recent call last):
  File "C:\Users\Пользователь\glamcoding\.venv\Lib\site-packages\httpx\_transports\default.py", line 60, in map_httpcore_exceptions
    yield
  File "C:\Users\Пользователь\glamcoding\.venv\Lib\site-packages\httpx\_transports\default.py", line 353, in handle_async_request
    resp = await self._pool.handle_async_request(req)
           ^^^^^^^^^^^^^^^^^^^^^^^^^^^^^^^^^^^^^^^^^^
  File "C:\Users\Пользователь\glamcoding\.venv\Lib\site-packages\httpcore\_async\connection_pool.py", line 253, in handle_async_request
    raise exc
  File "C:\Users\Пользователь\glamcoding\.venv\Lib\site-packages\httpcore\_async\connection_pool.py", line 237, in handle_async_request
    response = await connection.handle_async_request(request)
               ^^^^^^^^^^^^^^^^^^^^^^^^^^^^^^^^^^^^^^^^^^^^^^
  File "C:\Users\Пользователь\glamcoding\.venv\Lib\site-packages\httpcore\_async\connection.py", line 90, in handle_async_request
    return await self._connection.handle_async_request(request)
           ^^^^^^^^^^^^^^^^^^^^^^^^^^^^^^^^^^^^^^^^^^^^^^^^^^^^
  File "C:\Users\Пользователь\glamcoding\.venv\Lib\site-packages\httpcore\_async\http11.py", line 112, in handle_async_request
    raise exc
  File "C:\Users\Пользователь\glamcoding\.venv\Lib\site-packages\httpcore\_async\http11.py", line 91, in handle_async_request
    ) = await self._receive_response_headers(**kwargs)
        ^^^^^^^^^^^^^^^^^^^^^^^^^^^^^^^^^^^^^^^^^^^^^^
  File "C:\Users\Пользователь\glamcoding\.venv\Lib\site-packages\httpcore\_async\http11.py", line 155, in _receive_response_headers
    event = await self._receive_event(timeout=timeout)
            ^^^^^^^^^^^^^^^^^^^^^^^^^^^^^^^^^^^^^^^^^^
  File "C:\Users\Пользователь\glamcoding\.venv\Lib\site-packages\httpcore\_async\http11.py", line 191, in _receive_event
    data = await self._network_stream.read(
           ^^^^^^^^^^^^^^^^^^^^^^^^^^^^^^^^
        self.READ_NUM_BYTES, timeout=timeout
        ^^^^^^^^^^^^^^^^^^^^^^^^^^^^^^^^^^^^
    )
    ^
  File "C:\Users\Пользователь\glamcoding\.venv\Lib\site-packages\httpcore\backends\asyncio.py", line 31, in read
    with map_exceptions(exc_map):
         ~~~~~~~~~~~~~~^^^^^^^^^
  File "C:\Program Files\WindowsApps\PythonSoftwareFoundation.Python.3.13_3.13.1008.0_x64__qbz5n2kfra8p0\Lib\contextlib.py", line 162, in __exit__
    self.gen.throw(value)
    ~~~~~~~~~~~~~~^^^^^^^
  File "C:\Users\Пользователь\glamcoding\.venv\Lib\site-packages\httpcore\_exceptions.py", line 14, in map_exceptions
    raise to_exc(exc)
httpcore.ReadError

The above exception was the direct cause of the following exception:

Traceback (most recent call last):
  File "C:\Users\Пользователь\glamcoding\.venv\Lib\site-packages\telegram\request\_httpxrequest.py", line 183, in do_request
    res = await self._client.request(
          ^^^^^^^^^^^^^^^^^^^^^^^^^^^
    ...<6 lines>...
    )
    ^
  File "C:\Users\Пользователь\glamcoding\.venv\Lib\site-packages\httpx\_client.py", line 1533, in request
    return await self.send(request, auth=auth, follow_redirects=follow_redirects)
           ^^^^^^^^^^^^^^^^^^^^^^^^^^^^^^^^^^^^^^^^^^^^^^^^^^^^^^^^^^^^^^^^^^^^^^
  File "C:\Users\Пользователь\glamcoding\.venv\Lib\site-packages\httpx\_client.py", line 1620, in send
    response = await self._send_handling_auth(
               ^^^^^^^^^^^^^^^^^^^^^^^^^^^^^^^
    ...<4 lines>...
    )
    ^
  File "C:\Users\Пользователь\glamcoding\.venv\Lib\site-packages\httpx\_client.py", line 1648, in _send_handling_auth
    response = await self._send_handling_redirects(
               ^^^^^^^^^^^^^^^^^^^^^^^^^^^^^^^^^^^^
    ...<3 lines>...
    )
    ^
  File "C:\Users\Пользователь\glamcoding\.venv\Lib\site-packages\httpx\_client.py", line 1685, in _send_handling_redirects
    response = await self._send_single_request(request)
               ^^^^^^^^^^^^^^^^^^^^^^^^^^^^^^^^^^^^^^^^
  File "C:\Users\Пользователь\glamcoding\.venv\Lib\site-packages\httpx\_client.py", line 1722, in _send_single_request
    response = await transport.handle_async_request(request)
               ^^^^^^^^^^^^^^^^^^^^^^^^^^^^^^^^^^^^^^^^^^^^^
  File "C:\Users\Пользователь\glamcoding\.venv\Lib\site-packages\httpx\_transports\default.py", line 352, in handle_async_request
    with map_httpcore_exceptions():
         ~~~~~~~~~~~~~~~~~~~~~~~^^
  File "C:\Program Files\WindowsApps\PythonSoftwareFoundation.Python.3.13_3.13.1008.0_x64__qbz5n2kfra8p0\Lib\contextlib.py", line 162, in __exit__
    self.gen.throw(value)
    ~~~~~~~~~~~~~~^^^^^^^
  File "C:\Users\Пользователь\glamcoding\.venv\Lib\site-packages\httpx\_transports\default.py", line 77, in map_httpcore_exceptions
    raise mapped_exc(message) from exc
httpx.ReadError

The above exception was the direct cause of the following exception:

Traceback (most recent call last):
  File "C:\Users\Пользователь\glamcoding\.venv\Lib\site-packages\telegram\ext\_updater.py", line 600, in _network_loop_retry
    if not await action_cb():
           ^^^^^^^^^^^^^^^^^
  File "C:\Users\Пользователь\glamcoding\.venv\Lib\site-packages\telegram\ext\_updater.py", line 327, in polling_action_cb
    raise exc
  File "C:\Users\Пользователь\glamcoding\.venv\Lib\site-packages\telegram\ext\_updater.py", line 312, in polling_action_cb
    updates = await self.bot.get_updates(
              ^^^^^^^^^^^^^^^^^^^^^^^^^^^
    ...<7 lines>...
    )
    ^
  File "C:\Users\Пользователь\glamcoding\.venv\Lib\site-packages\telegram\ext\_extbot.py", line 524, in get_updates
    updates = await super().get_updates(
              ^^^^^^^^^^^^^^^^^^^^^^^^^^
    ...<9 lines>...
    )
    ^
  File "C:\Users\Пользователь\glamcoding\.venv\Lib\site-packages\telegram\_bot.py", line 334, in decorator
    result = await func(*args, **kwargs)  # skipcq: PYL-E1102
             ^^^^^^^^^^^^^^^^^^^^^^^^^^^
  File "C:\Users\Пользователь\glamcoding\.venv\Lib\site-packages\telegram\_bot.py", line 3584, in get_updates
    await self._post(
    ^^^^^^^^^^^^^^^^^
    ...<7 lines>...
    ),
    ^
  File "C:\Users\Пользователь\glamcoding\.venv\Lib\site-packages\telegram\_bot.py", line 422, in _post
    return await self._do_post(
           ^^^^^^^^^^^^^^^^^^^^
    ...<6 lines>...
    )
    ^
  File "C:\Users\Пользователь\glamcoding\.venv\Lib\site-packages\telegram\ext\_extbot.py", line 306, in _do_post
    return await super()._do_post(
           ^^^^^^^^^^^^^^^^^^^^^^^
    ...<6 lines>...
    )
    ^
  File "C:\Users\Пользователь\glamcoding\.venv\Lib\site-packages\telegram\_bot.py", line 453, in _do_post
    return await request.post(
           ^^^^^^^^^^^^^^^^^^^
    ...<6 lines>...
    )
    ^
  File "C:\Users\Пользователь\glamcoding\.venv\Lib\site-packages\telegram\request\_baserequest.py", line 165, in post
    result = await self._request_wrapper(
             ^^^^^^^^^^^^^^^^^^^^^^^^^^^^
    ...<7 lines>...
    )
    ^
  File "C:\Users\Пользователь\glamcoding\.venv\Lib\site-packages\telegram\request\_baserequest.py", line 288, in _request_wrapper
    raise exc
  File "C:\Users\Пользователь\glamcoding\.venv\Lib\site-packages\telegram\request\_baserequest.py", line 274, in _request_wrapper
    code, payload = await self.do_request(
                    ^^^^^^^^^^^^^^^^^^^^^^
    ...<7 lines>...
    )
    ^
  File "C:\Users\Пользователь\glamcoding\.venv\Lib\site-packages\telegram\request\_httpxrequest.py", line 204, in do_request
    raise NetworkError(f"httpx HTTPError: {err}") from err
telegram.error.NetworkError: httpx HTTPError: 
2025-04-15 09:22:47,350 - telegram.ext._updater - ERROR - Error while getting Updates: httpx HTTPError: 
2025-04-15 09:22:47,351 - telegram.ext._application - ERROR - No error handlers are registered, logging exception.
Traceback (most recent call last):
  File "C:\Users\Пользователь\glamcoding\.venv\Lib\site-packages\httpcore\_exceptions.py", line 10, in map_exceptions
    yield
  File "C:\Users\Пользователь\glamcoding\.venv\Lib\site-packages\httpcore\backends\asyncio.py", line 34, in read
    return await self._stream.receive(max_bytes=max_bytes)
           ^^^^^^^^^^^^^^^^^^^^^^^^^^^^^^^^^^^^^^^^^^^^^^^
  File "C:\Users\Пользователь\glamcoding\.venv\Lib\site-packages\anyio\streams\tls.py", line 219, in receive
    data = await self._call_sslobject_method(self._ssl_object.read, max_bytes)
           ^^^^^^^^^^^^^^^^^^^^^^^^^^^^^^^^^^^^^^^^^^^^^^^^^^^^^^^^^^^^^^^^^^^
  File "C:\Users\Пользователь\glamcoding\.venv\Lib\site-packages\anyio\streams\tls.py", line 162, in _call_sslobject_method
    data = await self.transport_stream.receive()
           ^^^^^^^^^^^^^^^^^^^^^^^^^^^^^^^^^^^^^
  File "C:\Users\Пользователь\glamcoding\.venv\Lib\site-packages\anyio\_backends\_asyncio.py", line 1265, in receive
    raise self._protocol.exception from None
anyio.BrokenResourceError

During handling of the above exception, another exception occurred:

Traceback (most recent call last):
  File "C:\Users\Пользователь\glamcoding\.venv\Lib\site-packages\httpx\_transports\default.py", line 60, in map_httpcore_exceptions
    yield
  File "C:\Users\Пользователь\glamcoding\.venv\Lib\site-packages\httpx\_transports\default.py", line 353, in handle_async_request
    resp = await self._pool.handle_async_request(req)
           ^^^^^^^^^^^^^^^^^^^^^^^^^^^^^^^^^^^^^^^^^^
  File "C:\Users\Пользователь\glamcoding\.venv\Lib\site-packages\httpcore\_async\connection_pool.py", line 253, in handle_async_request
    raise exc
  File "C:\Users\Пользователь\glamcoding\.venv\Lib\site-packages\httpcore\_async\connection_pool.py", line 237, in handle_async_request
    response = await connection.handle_async_request(request)
               ^^^^^^^^^^^^^^^^^^^^^^^^^^^^^^^^^^^^^^^^^^^^^^
  File "C:\Users\Пользователь\glamcoding\.venv\Lib\site-packages\httpcore\_async\connection.py", line 90, in handle_async_request
    return await self._connection.handle_async_request(request)
           ^^^^^^^^^^^^^^^^^^^^^^^^^^^^^^^^^^^^^^^^^^^^^^^^^^^^
  File "C:\Users\Пользователь\glamcoding\.venv\Lib\site-packages\httpcore\_async\http11.py", line 112, in handle_async_request
    raise exc
  File "C:\Users\Пользователь\glamcoding\.venv\Lib\site-packages\httpcore\_async\http11.py", line 91, in handle_async_request
    ) = await self._receive_response_headers(**kwargs)
        ^^^^^^^^^^^^^^^^^^^^^^^^^^^^^^^^^^^^^^^^^^^^^^
  File "C:\Users\Пользователь\glamcoding\.venv\Lib\site-packages\httpcore\_async\http11.py", line 155, in _receive_response_headers
    event = await self._receive_event(timeout=timeout)
            ^^^^^^^^^^^^^^^^^^^^^^^^^^^^^^^^^^^^^^^^^^
  File "C:\Users\Пользователь\glamcoding\.venv\Lib\site-packages\httpcore\_async\http11.py", line 191, in _receive_event
    data = await self._network_stream.read(
           ^^^^^^^^^^^^^^^^^^^^^^^^^^^^^^^^
        self.READ_NUM_BYTES, timeout=timeout
        ^^^^^^^^^^^^^^^^^^^^^^^^^^^^^^^^^^^^
    )
    ^
  File "C:\Users\Пользователь\glamcoding\.venv\Lib\site-packages\httpcore\backends\asyncio.py", line 31, in read
    with map_exceptions(exc_map):
         ~~~~~~~~~~~~~~^^^^^^^^^
  File "C:\Program Files\WindowsApps\PythonSoftwareFoundation.Python.3.13_3.13.1008.0_x64__qbz5n2kfra8p0\Lib\contextlib.py", line 162, in __exit__
    self.gen.throw(value)
    ~~~~~~~~~~~~~~^^^^^^^
  File "C:\Users\Пользователь\glamcoding\.venv\Lib\site-packages\httpcore\_exceptions.py", line 14, in map_exceptions
    raise to_exc(exc)
httpcore.ReadError

The above exception was the direct cause of the following exception:

Traceback (most recent call last):
  File "C:\Users\Пользователь\glamcoding\.venv\Lib\site-packages\telegram\request\_httpxrequest.py", line 183, in do_request
    res = await self._client.request(
          ^^^^^^^^^^^^^^^^^^^^^^^^^^^
    ...<6 lines>...
    )
    ^
  File "C:\Users\Пользователь\glamcoding\.venv\Lib\site-packages\httpx\_client.py", line 1533, in request
    return await self.send(request, auth=auth, follow_redirects=follow_redirects)
           ^^^^^^^^^^^^^^^^^^^^^^^^^^^^^^^^^^^^^^^^^^^^^^^^^^^^^^^^^^^^^^^^^^^^^^
  File "C:\Users\Пользователь\glamcoding\.venv\Lib\site-packages\httpx\_client.py", line 1620, in send
    response = await self._send_handling_auth(
               ^^^^^^^^^^^^^^^^^^^^^^^^^^^^^^^
    ...<4 lines>...
    )
    ^
  File "C:\Users\Пользователь\glamcoding\.venv\Lib\site-packages\httpx\_client.py", line 1648, in _send_handling_auth
    response = await self._send_handling_redirects(
               ^^^^^^^^^^^^^^^^^^^^^^^^^^^^^^^^^^^^
    ...<3 lines>...
    )
    ^
  File "C:\Users\Пользователь\glamcoding\.venv\Lib\site-packages\httpx\_client.py", line 1685, in _send_handling_redirects
    response = await self._send_single_request(request)
               ^^^^^^^^^^^^^^^^^^^^^^^^^^^^^^^^^^^^^^^^
  File "C:\Users\Пользователь\glamcoding\.venv\Lib\site-packages\httpx\_client.py", line 1722, in _send_single_request
    response = await transport.handle_async_request(request)
               ^^^^^^^^^^^^^^^^^^^^^^^^^^^^^^^^^^^^^^^^^^^^^
  File "C:\Users\Пользователь\glamcoding\.venv\Lib\site-packages\httpx\_transports\default.py", line 352, in handle_async_request
    with map_httpcore_exceptions():
         ~~~~~~~~~~~~~~~~~~~~~~~^^
  File "C:\Program Files\WindowsApps\PythonSoftwareFoundation.Python.3.13_3.13.1008.0_x64__qbz5n2kfra8p0\Lib\contextlib.py", line 162, in __exit__
    self.gen.throw(value)
    ~~~~~~~~~~~~~~^^^^^^^
  File "C:\Users\Пользователь\glamcoding\.venv\Lib\site-packages\httpx\_transports\default.py", line 77, in map_httpcore_exceptions
    raise mapped_exc(message) from exc
httpx.ReadError

The above exception was the direct cause of the following exception:

Traceback (most recent call last):
  File "C:\Users\Пользователь\glamcoding\.venv\Lib\site-packages\telegram\ext\_updater.py", line 600, in _network_loop_retry
    if not await action_cb():
           ^^^^^^^^^^^^^^^^^
  File "C:\Users\Пользователь\glamcoding\.venv\Lib\site-packages\telegram\ext\_updater.py", line 327, in polling_action_cb
    raise exc
  File "C:\Users\Пользователь\glamcoding\.venv\Lib\site-packages\telegram\ext\_updater.py", line 312, in polling_action_cb
    updates = await self.bot.get_updates(
              ^^^^^^^^^^^^^^^^^^^^^^^^^^^
    ...<7 lines>...
    )
    ^
  File "C:\Users\Пользователь\glamcoding\.venv\Lib\site-packages\telegram\ext\_extbot.py", line 524, in get_updates
    updates = await super().get_updates(
              ^^^^^^^^^^^^^^^^^^^^^^^^^^
    ...<9 lines>...
    )
    ^
  File "C:\Users\Пользователь\glamcoding\.venv\Lib\site-packages\telegram\_bot.py", line 334, in decorator
    result = await func(*args, **kwargs)  # skipcq: PYL-E1102
             ^^^^^^^^^^^^^^^^^^^^^^^^^^^
  File "C:\Users\Пользователь\glamcoding\.venv\Lib\site-packages\telegram\_bot.py", line 3584, in get_updates
    await self._post(
    ^^^^^^^^^^^^^^^^^
    ...<7 lines>...
    ),
    ^
  File "C:\Users\Пользователь\glamcoding\.venv\Lib\site-packages\telegram\_bot.py", line 422, in _post
    return await self._do_post(
           ^^^^^^^^^^^^^^^^^^^^
    ...<6 lines>...
    )
    ^
  File "C:\Users\Пользователь\glamcoding\.venv\Lib\site-packages\telegram\ext\_extbot.py", line 306, in _do_post
    return await super()._do_post(
           ^^^^^^^^^^^^^^^^^^^^^^^
    ...<6 lines>...
    )
    ^
  File "C:\Users\Пользователь\glamcoding\.venv\Lib\site-packages\telegram\_bot.py", line 453, in _do_post
    return await request.post(
           ^^^^^^^^^^^^^^^^^^^
    ...<6 lines>...
    )
    ^
  File "C:\Users\Пользователь\glamcoding\.venv\Lib\site-packages\telegram\request\_baserequest.py", line 165, in post
    result = await self._request_wrapper(
             ^^^^^^^^^^^^^^^^^^^^^^^^^^^^
    ...<7 lines>...
    )
    ^
  File "C:\Users\Пользователь\glamcoding\.venv\Lib\site-packages\telegram\request\_baserequest.py", line 288, in _request_wrapper
    raise exc
  File "C:\Users\Пользователь\glamcoding\.venv\Lib\site-packages\telegram\request\_baserequest.py", line 274, in _request_wrapper
    code, payload = await self.do_request(
                    ^^^^^^^^^^^^^^^^^^^^^^
    ...<7 lines>...
    )
    ^
  File "C:\Users\Пользователь\glamcoding\.venv\Lib\site-packages\telegram\request\_httpxrequest.py", line 204, in do_request
    raise NetworkError(f"httpx HTTPError: {err}") from err
telegram.error.NetworkError: httpx HTTPError: 
2025-04-15 17:20:12,910 - __main__ - INFO - Запуск бота
2025-04-15 17:20:13,617 - telegram.ext._application - INFO - Application started
2025-04-15 17:20:13,765 - __main__ - INFO - Отправка приветственного сообщения с выпадающим меню.
2025-04-15 17:20:35,129 - __main__ - INFO - Нажата кнопка: get_case
2025-04-15 17:20:35,279 - __main__ - INFO - Получен user_id: 1229508120
2025-04-15 17:20:35,280 - __main__ - INFO - Инициализированы данные для пользователя 1229508120
2025-04-15 17:20:35,280 - __main__ - INFO - Попытка открыть файл: E:\Пользователь\Documents\База знаний\Статьи.txt
2025-04-15 17:20:35,288 - __main__ - INFO - Файл успешно прочитан, длина содержимого: 8029 символов
2025-04-15 17:20:35,288 - __main__ - INFO - Сокращённое содержимое: 8029 символов
2025-04-15 17:20:35,289 - __main__ - INFO - Длина промпта: 9158 символов
2025-04-15 17:20:35,289 - __main__ - INFO - Отправка запроса к DeepSeek API
2025-04-15 17:20:46,668 - __main__ - INFO - Запрос успешно отправлен, обработка ответа
2025-04-15 17:20:46,668 - __main__ - INFO - Кейс успешно сгенерирован: Название кейса: Тревога и избегание социальных ситуаций у молодого специалиста.  

Описание: Клиент ...
2025-04-15 17:20:46,669 - __main__ - INFO - Отправка кейса пользователю 1229508120
2025-04-19 14:12:10,676 - __main__ - INFO - Запуск бота
2025-04-19 14:12:11,360 - telegram.ext._application - INFO - Application started
2025-04-19 14:12:11,504 - __main__ - INFO - Отправка приветственного сообщения с выпадающим меню.
2025-04-19 14:12:11,580 - __main__ - INFO - Отправка приветственного сообщения с выпадающим меню.
2025-04-19 14:13:34,808 - __main__ - INFO - Получен user_id: 958922650
2025-04-19 14:13:34,808 - __main__ - INFO - Попытка открыть файл: E:\Пользователь\Documents\База знаний\Статьи.txt
2025-04-19 14:13:34,817 - __main__ - INFO - Файл успешно прочитан, длина содержимого: 8029 символов
2025-04-19 14:13:34,817 - __main__ - INFO - Сокращённое содержимое: 8029 символов
2025-04-19 14:13:34,817 - __main__ - INFO - Длина промпта: 9158 символов
2025-04-19 14:13:34,817 - __main__ - INFO - Отправка запроса к DeepSeek API
2025-04-19 14:13:46,982 - __main__ - INFO - Запрос успешно отправлен, обработка ответа
2025-04-19 14:13:46,982 - __main__ - INFO - Кейс успешно сгенерирован: Название кейса: Тревога и избегание социальных ситуаций у молодого специалиста.  

Описание: Клиент ...
2025-04-19 14:13:46,983 - __main__ - INFO - Отправка кейса пользователю 958922650
2025-04-19 14:13:47,144 - __main__ - INFO - Получен user_id: 958922650
2025-04-19 14:13:47,144 - __main__ - INFO - Попытка открыть файл: E:\Пользователь\Documents\База знаний\Статьи.txt
2025-04-19 14:13:47,145 - __main__ - INFO - Файл успешно прочитан, длина содержимого: 8029 символов
2025-04-19 14:13:47,145 - __main__ - INFO - Сокращённое содержимое: 8029 символов
2025-04-19 14:13:47,145 - __main__ - INFO - Длина промпта: 9158 символов
2025-04-19 14:13:47,145 - __main__ - INFO - Отправка запроса к DeepSeek API
2025-04-19 14:14:00,926 - __main__ - INFO - Запрос успешно отправлен, обработка ответа
2025-04-19 14:14:00,926 - __main__ - INFO - Кейс успешно сгенерирован: Название кейса: Тревога и избегание социальных ситуаций у молодого специалиста.  

Описание: Клиент ...
2025-04-19 14:14:00,927 - __main__ - INFO - Отправка кейса пользователю 958922650
2025-04-19 14:14:48,051 - __main__ - INFO - Нажата кнопка: get_case
2025-04-19 14:14:48,242 - __main__ - INFO - Получен user_id: 958922650
2025-04-19 14:14:48,242 - __main__ - INFO - Попытка открыть файл: E:\Пользователь\Documents\База знаний\Статьи.txt
2025-04-19 14:14:48,243 - __main__ - INFO - Файл успешно прочитан, длина содержимого: 8029 символов
2025-04-19 14:14:48,243 - __main__ - INFO - Сокращённое содержимое: 8029 символов
2025-04-19 14:14:48,243 - __main__ - INFO - Длина промпта: 9158 символов
2025-04-19 14:14:48,244 - __main__ - INFO - Отправка запроса к DeepSeek API
2025-04-19 14:15:02,006 - __main__ - INFO - Запрос успешно отправлен, обработка ответа
2025-04-19 14:15:02,006 - __main__ - INFO - Кейс успешно сгенерирован: Название кейса: Тревога и избегание социальных ситуаций у молодого специалиста.  

Описание: Клиент ...
2025-04-19 14:15:02,006 - __main__ - INFO - Отправка кейса пользователю 958922650
2025-04-19 14:38:54,959 - __main__ - INFO - Кнопка 'Показать прогресс' нажата
2025-04-19 14:38:54,959 - __main__ - INFO - Получен user_id: 958922650
2025-04-19 14:38:54,959 - __main__ - INFO - Отправка прогресса для пользователя 958922650: 0 кейсов
2025-04-19 14:39:19,896 - __main__ - INFO - Анализ решения успешно выполнен: Плюсы:  
1. Логичное структурирование информации.  
2. Учет ключевых факторов и данных.  
3. Четкое ...
2025-04-19 14:40:12,696 - __main__ - INFO - Нажата кнопка: get_case
2025-04-19 14:40:12,926 - __main__ - INFO - Получен user_id: 958922650
2025-04-19 14:40:12,926 - __main__ - INFO - Попытка открыть файл: E:\Пользователь\Documents\База знаний\Статьи.txt
2025-04-19 14:40:12,927 - __main__ - INFO - Файл успешно прочитан, длина содержимого: 8029 символов
2025-04-19 14:40:12,927 - __main__ - INFO - Сокращённое содержимое: 8029 символов
2025-04-19 14:40:12,927 - __main__ - INFO - Длина промпта: 9158 символов
2025-04-19 14:40:12,927 - __main__ - INFO - Отправка запроса к DeepSeek API
2025-04-19 14:40:26,077 - __main__ - INFO - Запрос успешно отправлен, обработка ответа
2025-04-19 14:40:26,077 - __main__ - INFO - Кейс успешно сгенерирован: Название кейса: Социальная тревожность у молодого специалиста.  

Описание: Клиент — мужчина 24 лет,...
2025-04-19 14:40:26,078 - __main__ - INFO - Отправка кейса пользователю 958922650
2025-04-19 14:45:45,236 - __main__ - INFO - Кнопка 'Показать прогресс' нажата
2025-04-19 14:45:45,237 - __main__ - INFO - Получен user_id: 958922650
2025-04-19 14:45:45,237 - __main__ - INFO - Отправка прогресса для пользователя 958922650: 1 кейсов
2025-04-19 14:51:53,585 - __main__ - INFO - Анализ решения успешно выполнен: Плюсы решения:  
1. Логичность и структурированность – шаги четко выстроены, нет противоречий.  
2. ...
